episode;steps;reward;average
0;103;-328.0562131030075;-328.0562131030075
1;105;-97.5935917839903;-212.8249024434989
2;77;-174.14950456097128;-199.93310314932305
3;72;-243.7177023530402;-210.87925295025232
4;89;-248.02514706556332;-218.30843177331454
5;70;-89.18271257496195;-196.78747857358908
6;140;-422.4065274370379;-229.0187712683675
7;57;-105.21008303955793;-213.54268523976629
8;76;-109.36664852664676;-201.96757004941966
9;116;-381.2277498868696;-219.8935880331647
10;98;-347.22282804547785;-231.4689734888295
11;131;-221.5871732197853;-230.6454901330758
12;89;-129.20959596550685;-222.8427290432628
13;67;-99.43256443392754;-214.02771728545312
14;75;-340.3149130931165;-222.44686367263068
15;123;-207.15738938447345;-221.49127152962086
16;91;-149.2913808042401;-217.24421913401022
17;121;-85.84022829400065;-209.94399742067634
18;111;-155.78293692303436;-207.0934152892215
19;92;-115.61977959557916;-202.51973350453937
20;70;-57.7961125920807;-195.628132508708
21;140;-379.26461132423896;-203.97524518214124
22;96;-139.4602702285968;-201.17024627111755
23;114;-151.76024105876854;-199.1114960539364
24;126;-117.70406815172649;-195.855198937848
25;82;-70.49605870628787;-191.03369354432647
26;119;-216.78106921206404;-191.98730005053895
27;125;-187.52747822822556;-191.82802069974204
28;105;-216.32422481857117;-192.6727173934948
29;101;-29.282320030090332;-187.22637081471464
30;129;-167.95581920795723;-186.60474011772246
31;98;-98.04211139973921;-183.8371579702855
32;75;-145.99125468751458;-182.69031241626215
33;107;-66.7012752250512;-179.2788701459324
34;81;-85.50732219296304;-176.59968306156185
35;102;-115.32756279074312;-174.89767972070578
36;134;-70.80506519313943;-172.08436581455535
37;110;-80.30715733499959;-169.66917611772496
38;154;-98.95302874852469;-167.85594156979673
39;85;-13.782537664253397;-164.0041064721581
40;89;-248.36732299658652;-166.06174589958317
41;92;21.579666060817985;-161.59409323385935
42;118;-165.56463130718572;-161.68643132858787
43;79;-25.960720104043645;-158.60175607348458
44;100;-80.50731152505453;-156.86632397240837
45;96;-159.61149246406669;-156.926001548314
46;96;-58.26697430246628;-154.82687330904062
47;124;-383.6505963346086;-159.59403420540662
48;77;-152.27770703084923;-159.44472140592586
49;113;-72.69850654281518;-157.70979710866365
50;98;-102.40885834367452;-156.6254649760168
51;149;-0.06680711166411868;-153.61472155554847
52;73;-138.18534120319117;-153.32360117154172
53;127;-99.63841687989107;-152.3294310920667
54;81;-163.9472898411813;-152.54066488750513
55;117;-140.0664401463449;-152.31791087427018
56;109;-187.59670856578748;-152.93683714955995
57;92;-140.7568359454135;-152.7268371287988
58;129;-150.57145028936282;-152.69030514846935
59;100;-72.32452647105626;-151.3508755038458
60;113;-129.71121824958087;-150.99612702426768
61;148;-50.82406792876327;-149.38044865175954
62;119;-98.60115340262739;-148.57442809224952
63;203;-161.34644959251833;-148.77399092819127
64;116;-297.1854638036132;-151.0572443570439
65;77;-69.51766516499507;-149.8217961874674
66;148;-55.69567203881943;-148.4169286628607
67;136;-57.35489471107601;-147.07778110474624
68;105;-112.3694654870383;-146.57476203782292
69;156;-122.21959368403678;-146.22683106134025
70;150;-219.94431493964714;-147.26510548216146
71;83;-95.23192236174654;-146.54242238326685
72;499;102.22904831221393;-143.13459401757535
73;140;-466.46041734099344;-147.50386190032424
74;115;-194.2941353075076;-148.12773221242003
75;93;-49.476551712393906;-146.82969036373547
76;177;-107.1852768377892;-146.3148278504115
77;135;-182.63712502268615;-146.78049832697909
78;144;-209.43328132893973;-147.57357152953557
79;107;-203.27814481570664;-148.2698786956127
80;124;-69.30245751033742;-147.29497226122658
81;130;-86.52864204156005;-146.55391945366966
82;155;-74.09340669581393;-145.6809012276714
83;95;-63.792678861622186;-144.7060414375994
84;180;-97.56804234471221;-144.15147674238895
85;153;-96.11870808400205;-143.59295617659376
86;115;48.17185311589054;-141.38876296633532
87;200;-101.2981526908834;-140.93318784956884
88;106;-49.52803794283244;-139.90616369331337
89;214;-43.936490738826805;-138.83983399381907
90;118;-90.53425063189759;-138.3090034074243
91;95;-64.3123771916436;-137.50469225290496
92;152;-109.92503785298754;-137.20813682924992
93;120;-78.70457768180076;-136.5857585404473
94;97;-42.9584508649872;-135.6002079333372
95;148;-27.633130587330157;-134.47555087764962
96;258;-81.6999703854301;-133.9314727282453
97;499;163.66168181223506;-130.8948078859955
98;78;-96.25107165407589;-130.54487115638017
99;118;-104.57273011759419;-130.2851497459923
100;161;-102.65575407879813;-128.03114515575018
101;175;-61.03053288138704;-127.66551456672416
102;238;-61.77588613508826;-126.54177838246531
103;104;-77.8886553613321;-124.88348791254822
104;203;-60.788518825796885;-123.01112163015056
105;194;-104.6231400756598;-123.16552590515755
106;192;-104.32864325899828;-119.98474706337714
107;115;-259.3280489596491;-121.52592672257806
108;499;132.59948018052478;-119.10626543550634
109;499;72.21442279423007;-114.57184370869534
110;107;-173.23252487064855;-112.83194067694707
111;112;-7.96859579414911;-110.69575490269071
112;134;-4.108492389256824;-109.4447438669282
113;308;-36.347885119322754;-108.81389707378217
114;259;-25.95020619286383;-105.67025000477963
115;179;-8.91015202985841;-103.68777763123347
116;167;-68.87222218857194;-102.8835860450768
117;155;-109.97725441643385;-103.12495630630112
118;113;-2.496473147580133;-101.59209166854659
119;197;-32.297217170759126;-100.75886604429836
120;499;5.34917162518518;-100.1274132021257
121;103;-219.81703717658812;-98.5329374606492
122;189;10.347259059844134;-97.03486216776479
123;132;-58.702083535587555;-96.10428059253297
124;79;-23.484782195968023;-95.16208773297538
125;209;-20.9403047652019;-94.66653019356453
126;241;-94.35756192443326;-93.44229512068823
127;95;-32.44548958948528;-91.89147523430083
128;307;-110.85988787517971;-90.83683186486691
129;239;3.5163609323292633;-90.50884505524273
130;109;-49.59770130998477;-89.325263876263
131;121;-36.109212205904136;-88.70593488432465
132;222;40.40739965413928;-86.84194834090812
133;409;-185.18162665715403;-88.02675185522914
134;499;12.546573470398936;-87.0462128985955
135;271;-53.86349075314234;-86.4315721782195
136;499;32.90422321693498;-85.39447929411875
137;173;-8.783920808487764;-84.67924692885364
138;349;-42.3972865758024;-84.11368950712642
139;499;72.40010826900846;-83.25186304779379
140;499;80.80428063594157;-79.96014701146854
141;324;-72.54517689649217;-80.90139544104163
142;109;6.120301859730489;-79.18454610937246
143;127;66.71207204643781;-78.25781818786763
144;499;72.56543381111412;-76.72709073450595
145;499;72.39295064938892;-74.4070463033714
146;127;22.112421084449082;-73.60325234950224
147;158;-29.395589368947157;-70.06070227984564
148;133;-28.94360090918549;-68.827361218629
149;499;0.18028598710365107;-68.0985732933298
150;130;-107.95191536887984;-68.15400386358186
151;382;-56.407766872394305;-68.71741346118915
152;154;-21.186760911128374;-67.54742765826853
153;446;-261.7465710055402;-69.16850919952503
154;79;4.751803286835823;-67.48151826824487
155;491;-158.02449602431457;-67.66109882702456
156;281;-99.83821310587359;-66.78351387242542
157;499;51.48372680563915;-64.86110824491489
158;134;16.215058513886092;-63.1932431568824
159;240;-47.96874718222665;-62.94968536399411
160;499;-41.891232171664974;-62.07148550321495
161;335;-232.9566974147904;-63.892811798075215
162;95;-61.333866860502624;-63.52013893265397
163;499;-35.13119711461529;-62.25798640787494
164;94;-12.658796582434604;-59.41271973566315
165;219;-25.94434701395167;-58.97698655415272
166;499;33.00413688557678;-58.08998846490876
167;156;-45.65361383490132;-57.97297565614701
168;284;-75.06181223039503;-57.59989912358058
169;123;-29.52645823293608;-56.67296776906957
170;499;-0.08142692590495537;-54.47433888893215
171;94;-118.75183749452523;-54.70953804025994
172;499;-15.751883075884901;-55.88934735414092
173;71;-18.361778926403517;-51.40836096999503
174;197;-24.991385040399607;-49.715333467323944
175;119;-20.92542909320963;-49.42982224113211
176;92;25.691321574485812;-48.10105625700935
177;420;-163.30883592005335;-47.90777336598304
178;162;-71.02016563583234;-46.52364220905195
179;107;-48.326605563059076;-44.97412681652548
180;84;-36.31619855472329;-44.64426422696934
181;499;-29.780412664038224;-44.07678193319411
182;499;-8.723753166034257;-43.42308539789632
183;223;-23.46504279391158;-43.01980903721921
184;116;22.3114728666323;-41.82101388510577
185;113;-147.9589496643886;-42.33941630090963
186;499;-13.982465687193864;-42.96095948894048
187;499;3.6171144463318354;-41.91180681756833
188;145;10.98622038323549;-41.306664234307654
189;116;-65.98427269274177;-41.5271420538468
190;112;-62.88739548914868;-41.2506735024193
191;111;-34.93608139534274;-40.95691054445629
192;476;-147.39124644319512;-41.33157263035838
193;325;-18.540724400298046;-40.72993409754335
194;499;120.25193415815859;-39.09783024731189
195;146;19.30371260135155;-38.62846181542507
196;499;-14.243971445802933;-37.9539018260288
197;177;-82.48488703535597;-40.41536751450471
198;94;-38.43750615266674;-39.837231859490615
199;102;-56.18776685690831;-39.35338222688376
200;334;-9.435898888517329;-38.421183674980945
201;499;56.547209043761114;-37.24540625572947
202;171;-15.81093323359488;-36.78575672671454
203;499;-4.549181582241836;-36.05236198892364
204;167;-10.763912820619751;-35.55211592887187
205;499;43.71383192482281;-34.06874620886704
206;250;-47.4337535756794;-33.499797312033856
207;228;-17.898836226370335;-31.085505184701063
208;201;-118.19159869805625;-33.59341597348688
209;499;32.3487081521302;-33.99207311990787
210;118;-20.79626491328787;-32.467710520334265
211;75;-6.198168808017712;-32.45000625047295
212;499;50.20250669400854;-31.9068962596403
213;93;6.820345829191879;-31.475213950155148
214;499;129.8639302267429;-29.91707258595908
215;499;110.94583826028914;-28.7185126830576
216;499;36.70526787739166;-27.662737782397972
217;499;106.42674438528297;-25.498697794380806
218;499;122.80187830946699;-24.245714279810333
219;84;-67.94527118397018;-24.602194819942437
220;82;7.453219272651893;-24.581154343467773
221;219;-87.29280597204232;-23.255912031422323
222;499;49.7255184775101;-22.862129437245663
223;499;113.69142311967869;-21.138194370693
224;126;1.6793067024238724;-20.886553481709083
225;182;-180.59767050122855;-22.483127139069346
226;131;-56.75730658197993;-22.107124585644804
227;499;53.052011511510074;-21.252149574634856
228;117;-36.236726005033006;-20.50591795593339
229;499;141.96811614194243;-19.121400403837256
230;499;121.21125191396277;-17.413310871597783
231;168;-20.848083395719044;-17.26069958349593
232;144;-244.78360583580653;-20.112609638395394
233;499;135.39237402231674;-16.90686963160068
234;499;158.70568977756417;-15.445278468529029
235;499;105.70072347464416;-13.849636326251169
236;195;-23.250852437464715;-14.411187082795166
237;235;-114.08905445462948;-15.464238419256581
238;253;-29.045753099207204;-15.330723084490625
239;499;103.18656904305523;-15.022858476750157
240;115;2.8469859652024354;-15.802431423457547
241;499;90.94312253972991;-14.167548429095326
242;499;96.02527986999252;-13.268498648992706
243;499;147.33157416991054;-12.46230362775798
244;165;-16.0956539458533;-13.348914505327654
245;499;86.5918343288913;-13.20692566853263
246;499;100.96549384104466;-12.418394940966675
247;499;50.791482275806246;-11.616524224519141
248;499;82.05249011449713;-10.506563314282314
249;104;21.01981682846197;-10.298168005868732
250;499;119.91433940443461;-8.01950545813559
251;499;149.20706821293956;-5.96335710728225
252;499;85.6214958869404;-4.895274539301561
253;126;-123.58776141701327;-3.513686443416293
254;499;78.39536047817144;-2.7772508715029374
255;499;105.99422075579562;-0.13706370370183507
256;499;46.30428520205325;1.3243612793774326
257;499;125.39318971442046;2.0634559084652464
258;499;61.304999816963175;2.5143553214960166
259;499;152.91385285661218;4.523181321884405
260;499;146.9510303384415;6.411603946985469
261;122;-89.44154736261939;7.846755447507179
262;499;125.58893854055715;9.715983501517776
263;499;58.53884683037586;10.652683940967691
264;499;73.75392241994001;11.516811130991432
265;499;51.80400169229911;12.294294618053943
266;499;87.09007759112403;12.835154025109416
267;499;63.94189403757372;13.931109103834167
268;499;98.13265323149587;15.663053758453074
269;499;106.53990157112696;17.0237173564937
270;499;98.09999960768879;18.00553162182964
271;499;123.36500616183447;20.426700058393237
272;499;118.84328668397923;21.772651755991877
273;499;95.38175042322416;22.910087049488155
274;499;111.70021037748594;24.27700300366701
275;499;98.8614299316381;25.47487159391549
276;434;2.5387309401903053;25.243345687572535
277;155;-176.49705529172695;25.111463493855798
278;499;53.14885774026974;26.353153727616817
279;499;159.2002337321057;28.428422120568463
280;499;140.20314958885282;30.19361560200422
281;499;119.05519530164514;31.68197168166106
282;499;113.51350310683856;32.90434424438978
283;499;52.39025524690649;33.66289722479797
284;499;144.83946442203276;34.88817714035198
285;499;121.31723300406279;37.580938967036495
286;499;72.60913287602291;38.446854952668666
287;499;123.0669087476137;39.64135289568148
288;499;154.95850066099473;41.081075698459074
289;499;80.02469763167548;42.541165401703246
290;499;110.51405750462823;44.27517993164101
291;499;65.84781269969125;45.283018872591356
292;499;118.68593954236214;47.943790732446935
293;499;99.98923928176715;49.12909036926758
294;499;141.64703449438898;49.3430413726299
295;409;241.64564748970477;51.56646072151342
296;499;139.27124191464935;53.101612855117935
297;499;96.87363013901027;54.8951980268616
298;499;138.76723739909988;56.66724546237927
299;499;100.87834309869554;58.237906561935304
300;499;127.31743673080273;59.6054399181285
301;499;129.33880231252803;60.333355850816176
302;499;133.7694911137521;61.82916009428965
303;499;124.081688970103;63.11546879981309
304;499;119.74406705678275;64.42054859858712
305;499;130.28583891319155;65.2862686684708
306;412;268.90431099634793;68.44964931419106
307;499;148.46639468629695;70.11330162331774
308;499;88.09226403699022;72.1761402506682
309;475;217.3853688663266;74.02650685781018
310;499;174.830516035608;75.98277466729913
311;499;133.5398764599045;77.38015511997835
312;499;108.88226686253479;77.96695272166362
313;423;284.45292969177945;80.7432785602895
314;499;143.80366069479192;80.88267586496998
315;499;89.53507560535202;80.66856823842062
316;499;12.948781289249432;80.43100337253918
317;499;81.21025942918818;80.17883852297824
318;499;89.36541330270164;79.84447387291058
319;447;272.374014159233;83.24766672634262
320;499;95.99537582747786;84.13308829189087
321;335;264.02641871203514;87.64628053873166
322;499;56.06762000132533;87.70970155396982
323;499;142.2026266736412;87.99481358950945
324;499;143.981363155477;89.41783415403995
325;499;47.55228767492167;91.69933373580146
326;499;40.145166516694296;92.66835846678822
327;499;174.50000877038394;93.88283843937695
328;499;140.37334396358943;95.64893913906319
329;499;98.06784077073794;95.20993638535114
330;499;94.95719779521687;94.94739584416365
331;499;122.05665428807589;96.3764432210016
332;499;84.70804454897933;99.67135972484948
333;499;26.48195929872981;98.5822555776136
334;499;155.85528461170253;98.55375152595498
335;499;168.8095122590523;99.18483941379907
336;499;64.58894584699388;100.06323739664366
337;499;113.55507453076926;102.33967868649765
338;499;97.06403049110735;103.60077652240079
339;499;116.16902546950855;103.73060108666532
340;499;172.65209243238337;105.42865215133712
341;446;201.74296701156084;106.53665059605542
342;499;83.61987429215576;106.41259654027706
343;499;139.77972283157226;106.3370780268937
344;499;63.84879539945442;107.13652252034677
345;462;213.66852237590828;108.40728940081694
346;499;117.544359177262;108.57307805417909
347;499;51.752219155633064;108.58268542297739
348;205;-133.93500276319503;106.42281049420046
349;499;102.76538262829472;107.24026615219879
350;116;-6.882629110900936;105.97229646704541
351;499;87.53026572822776;105.35552844219832
352;303;223.90607430239749;106.7383742263529
353;448;277.80318726132583;110.7522837131363
354;419;230.03396248510228;112.26866973320561
355;499;134.4972173129799;112.55369969877745
356;499;140.2145191900547;113.49280203865743
357;499;147.2689227398217;113.71155936891145
358;499;157.4544404533566;114.6730537752754
359;499;123.85604719766978;114.38247571868598
360;499;179.61299919395117;114.70909540724105
361;499;142.3467698213269;117.02697857908053
362;499;43.17120292436262;116.20280122291857
363;499;63.74988516011669;116.25491160621597
364;490;234.71031253345328;117.8644755073511
365;323;257.41952610756994;119.92063075150381
366;499;172.4179499272735;120.7739094748653
367;499;60.231008791644584;120.73680062240601
368;499;72.47393745936819;120.48021346468475
369;499;133.15621390062205;120.7463765879797
370;499;48.08728386134251;120.24624943051626
371;499;148.17504046412375;120.49434977353914
372;499;33.486068881900536;119.64077759551836
373;499;96.63522962710611;119.65331238755716
374;499;51.02651652368784;119.04657544901916
375;499;151.1085906804257;119.56904705650705
376;499;149.30010254448922;121.03666077255004
377;450;256.8136273148529;125.36976759861585
378;474;236.62027695578817;127.20448179077103
379;499;70.56374535551787;126.31811690700515
380;499;145.504033849857;126.37112574961516
381;499;94.01203938652868;126.12069419046402
382;499;76.78500120498997;125.75340917144553
383;267;274.6097446951207;127.97560406592767
384;499;116.16980498412617;127.6889074715486
385;499;140.85678571488015;127.8843029986568
386;335;175.18412080888857;128.91005287798546
387;499;57.618113802345576;128.25556492853278
388;499;38.75259211844467;127.09350584310727
389;499;171.62097660931568;128.00946863288368
390;383;217.19083194437727;129.07623637728116
391;499;107.79773439836748;129.49573559426793
392;339;257.97041469816185;130.88858034582591
393;499;14.514194617721873;130.03382989918546
394;499;119.43556204326708;129.81171517467428
395;499;159.65935054638325;128.99185220524106
396;499;75.93926790690895;128.35853246516365
397;346;241.78182566653427;129.80761442043888
398;499;102.98508589770209;129.44979290542489
399;392;171.22252676499812;130.15323474208793
400;499;86.70932332965363;129.74715360807642
401;457;204.49742758740027;130.49873986082514
402;227;259.01397428770247;131.75118469256464
403;499;40.35461880705358;130.91391399093416
404;395;192.7726800501024;131.64420012086737
405;499;125.80047004354961;131.59934643217096
406;499;76.53408154214776;129.67564413762895
407;478;289.69820720088035;131.08796226277477
408;499;77.9014386155769;130.98605400856064
409;499;55.10238228903128;129.3632241427877
410;302;272.8216059600781;130.3431350420324
411;454;192.4230685023801;130.93196696245712
412;261;265.860149509893;132.50174578893072
413;349;263.175185036597;132.2889683423789
414;258;289.6522641529757;133.74745437696072
415;370;262.62805912133035;135.47838421212052
416;499;36.45519942722828;135.7134483935003
417;499;68.46922295902039;135.58603802879864
418;499;124.59908661180881;135.9383747618897
419;499;91.12512683653304;134.12588588866268
420;499;104.37981201236298;134.20973025051154
421;499;51.61693670135472;132.08563543040475
422;480;277.71440096984577;134.30210324008993
423;499;16.502206674761716;133.04509904010118
424;499;134.57269049152666;132.95101231346166
425;444;223.31491100954955;134.70863854680792
426;499;71.61536103102456;135.02334049195125
427;404;220.72265330050976;135.48556693725249
428;499;81.52099999000733;134.89704349751668
429;459;270.4254024112241;136.62061911392155
430;499;92.51705614594893;136.59621769742887
431;499;77.18658241884737;136.14751697873658
432;186;-57.99923373225523;134.72044419592422
433;499;160.98576637237178;136.06548226666067
434;264;262.0635681833247;137.12756510237688
435;499;174.32584999390443;137.1827284797254
436;499;93.56244007675231;137.47246342202297
437;457;265.4800476545211;138.9917131532605
438;499;110.10186998971483;139.12209154824654
439;499;106.91305820610225;139.0295318756125
440;256;264.63943768611193;139.94940532814977
441;336;235.25649928226727;140.28454065085685
442;470;254.711123990622;141.99545314784152
443;430;247.00343263297177;143.06769024585552
444;499;78.88276570706321;143.21802994893162
445;377;281.6755531838947;143.8981002570115
446;409;286.1211872324269;145.58386853756312
447;499;75.31171332737016;145.8194634792805
448;499;156.23686809067942;148.72118218781924
449;499;118.77132517022959;148.8812416132386
450;299;239.47837753604324;151.34485167970803
451;330;200.4490891872307;152.47403991429806
452;273;237.84615079366006;152.6134406792107
453;315;307.70450030787174;152.91245380967612
454;499;173.96031478426832;152.3517173326678
455;392;239.948644608967;153.40623160562768
456;499;86.48347955903836;152.86892120931748
457;445;222.40639591416988;153.620295941061
458;499;149.59558225642382;153.54170735909165
459;427;237.51085411484792;154.67825542826344
460;350;264.6360393976838;155.52848583030078
461;418;234.29339396877387;156.44795207177523
462;499;118.4055780278728;157.20029582281032
463;489;231.39825277275114;158.87677949893666
464;469;225.77043113397522;158.78738068494192
465;499;107.67568603298714;157.2899422841961
466;388;228.53174891338494;157.85108027405718
467;270;278.87113433138677;160.0374815294546
468;499;86.60522394336803;160.1787943942946
469;499;40.915998048828314;159.25639223577664
470;430;201.30651920629512;160.78858458922616
471;371;246.51243179258185;161.77195850251078
472;376;239.9094870679072;163.83619268437084
473;499;86.11537264625748;163.73099411456235
474;499;135.26339911111805;164.57336294043668
475;297;228.09851923558125;165.3432622259882
476;499;72.47637305268867;164.57502493107023
477;487;217.09424880902543;164.17783114601195
478;499;129.0706370083383;163.10233474653745
479;499;192.7313436637331;164.32401072961963
480;499;129.5722807248385;164.16469319836943
481;276;294.45200492492063;166.1690928537533
482;336;180.01361015914108;167.20137894329483
483;499;137.8779549685787;165.83406104602943
484;255;256.66842845636666;167.23904728075183
485;482;234.91684988544452;168.1796479224575
486;432;239.18691461437754;168.81967586051232
487;310;286.8908418182416;171.11240314067126
488;499;12.138203417519437;170.84625925366203
489;412;256.61847019473566;171.69623418951622
490;499;130.9865598678683;170.83419146875113
491;347;234.78652117156875;172.10407933648318
492;413;263.6728595499252;172.16110378500085
493;298;281.47308206239904;174.83069265944764
494;213;244.33581899332745;176.0796952289482
495;252;262.50576969991903;177.10815942048353
496;215;250.31028336251268;178.85186957503956
497;262;274.23730465858074;179.17642436496004
498;256;243.42727497104767;180.58084625569347
499;499;150.3108861029772;180.37172984907326
500;284;236.34260476109;181.86806266338763
501;499;53.815539368456776;180.36124378119817
502;278;228.24218717614798;180.05352591008264
503;367;236.5757264441613;182.0157369864537
504;177;280.18080407481307;182.88981822670084
505;499;35.441246116501375;181.98622598743037
506;248;228.22524024553647;183.50313757446432
507;499;117.2186141266057;181.77834164372157
508;352;272.36190650272135;183.72294632259295
509;235;267.17506496395043;185.84367314934218
510;331;262.2241590703379;185.73769868044474
511;347;253.90256812763184;186.35249367669726
512;265;259.6781975079474;186.29067415667782
513;347;237.0046586931302;186.02896889324313
514;239;238.8831460633174;185.5212777123466
515;208;223.62581221411608;185.13125524327444
516;341;263.53208451448114;187.40202409414698
517;381;224.7656238016965;188.96498810257373
518;313;234.02851317280295;190.05928236818366
519;297;268.7200314555051;191.83523141437337
520;283;271.06173949981144;193.50205068924785
521;289;257.51594115106445;195.56104073374496
522;191;260.3446012219599;195.3873427362661
523;284;251.47517648762124;197.73707243439472
524;499;141.44235362642905;197.80576906574373
525;344;244.7020972212807;198.01964092786105
526;321;248.77013539335758;199.79118867148438
527;244;265.65811723559057;200.2405433108352
528;499;46.261364866674256;199.88794695960183
529;293;259.17131579059617;199.77540609339562
530;485;207.8650331455221;200.9288858633913
531;251;232.50684108761828;202.48208845007903
532;280;224.65087961736572;205.30858958357524
533;305;219.2799844648957;205.89153176450043
534;499;144.25295726042415;204.71342565527146
535;326;198.54608056405993;204.95562796097303
536;327;264.1948071186678;206.66195163139216
537;389;206.4394629376295;206.07154578422328
538;488;242.31660863546273;207.3936931706807
539;499;139.30454399007732;207.71760802852043
540;203;236.8436247017273;207.4396498986766
541;340;161.3979770622998;206.70106467647693
542;499;41.71075564356011;204.5710609930063
543;236;273.2502553214758;204.83352921989135
544;499;66.78964669823718;204.71259802980313
545;341;183.89217471761856;203.73476424514035
546;499;79.17946282047583;201.66534700102085
547;297;271.61676968296547;203.62839756457677
548;267;298.02534996990386;205.04628238336903
549;246;265.9803288449668;206.5183724201164
550;390;238.5314315216686;206.50890295997266
551;252;203.59739612458623;206.5403860293462
552;290;265.7012794937758;206.81893731634736
553;375;282.52010180609807;206.56709333132963
554;278;303.93939616988524;207.8668841451858
555;278;276.54276509997146;208.23282535009585
556;222;234.63200805439698;209.71431063504937
557;258;280.90261509176133;210.2992728268253
558;223;241.50831940584305;211.21840019831947
559;307;268.9251630070916;211.5325432872419
560;261;281.10972811346306;211.69728017439974
561;328;278.1878377190525;212.13622461190252
562;224;268.6270736418503;213.63843956804234
563;499;144.53465338757863;212.7698035741906
564;305;217.10772502999075;212.68317651315073
565;279;288.12803082681114;214.487699961089
566;470;273.9242124696178;214.94162459665128
567;222;272.4668620269121;214.87758187360654
568;267;222.67887759245096;216.23831841009738
569;244;250.6367186434903;218.33552561604404
570;216;280.78042421769993;219.13026466615807
571;258;282.2238821338023;219.48737916957032
572;276;272.1124945234101;219.80940924412533
573;311;228.22779876717573;221.23053350533456
574;232;187.6791250689875;221.75469076491322
575;287;261.4959656215379;222.0886652287728
576;345;162.54090503710196;222.98931054861688
577;236;276.15533946885535;223.5799214552152
578;363;192.14906739998872;224.2107057591317
579;311;257.79452885838884;224.86133761107828
580;310;230.65648433309855;225.8721796471609
581;286;295.4564932617478;225.88222453052913
582;298;226.68632449241878;226.34895167386188
583;280;250.36781408267345;227.47385026500285
584;499;13.184550868428886;225.03901148912348
585;499;79.74374878844544;223.48728047815345
586;311;245.034516092654;223.54575649293622
587;221;265.71937345757897;223.33404180932962
588;276;277.6052322526733;225.98871209768117
589;262;244.5026620827662;225.86755401656148
590;323;186.10463675491965;226.41873478543198
591;215;267.78522897323137;226.74872186344862
592;372;273.8661151893995;226.8506544198434
593;324;281.13984541072176;226.8473220533266
594;223;241.6598484642106;226.82056234803545
595;228;244.39547214851675;226.63945937252137
596;330;270.2562985168581;226.83891952406483
597;474;170.61051200294594;225.80265159750846
598;378;264.43128643956493;226.01269171219366
599;319;289.05512562516833;227.40013410741554
600;333;257.0494172137393;227.60720223194207
601;260;265.50143792428497;229.72406121750035
602;228;255.14874594758675;229.9931268052147
603;255;238.8440969946177;230.01581051071932
604;499;81.9219483456128;228.0332219534273
605;340;248.5181795974015;230.16399128823633
606;499;156.0348232484386;229.44208711826533
607;211;252.5718252233622;230.7956192292329
608;319;202.22874265540187;230.0942875907597
609;238;231.2200202954263;229.73473714407447
610;351;281.03930526142756;229.92288860598532
611;317;268.025248285722;230.0641154075662
612;249;254.99562134724243;230.01728964595918
613;356;265.8571398942977;230.30581445797085
614;366;215.60432018980464;230.07302619923576
615;153;20.790914556999212;228.04467722266457
616;499;-11.63695661845072;225.29298681133525
617;356;201.7613089454561;225.06294366277282
618;499;162.15183781810097;224.34417690922584
619;329;261.4498421090133;224.27147501576096
620;419;232.65298450777513;223.88738746584056
621;499;141.54086189668425;222.72763667329673
622;405;263.74847262240576;222.76167538730118
623;499;50.29096260049916;220.74983324843
624;328;268.5345427745099;222.0207551399108
625;258;262.2299389999862;222.19603355769786
626;387;214.3255590175001;221.8515877939393
627;402;238.26039199586725;221.57761054154201
628;324;257.98341108610447;223.69483100373637
629;330;221.92778745460927;223.3223957203765
630;365;245.11387095190503;223.6948840984403
631;281;210.1980725292977;223.47179641285712
632;499;40.34315875209276;221.62871920420434
633;499;80.30127195737063;220.2389320791291
634;387;210.14624473891405;220.89786495391402
635;499;124.67077127640522;220.15911186103745
636;405;226.65510815452078;219.783714871396
637;369;195.18086712530123;219.67112891327272
638;499;100.455413399533;218.25251696091345
639;260;239.204948578632;219.251521006799
640;330;274.5304800923385;219.62838956070507
641;268;282.9046405938025;220.84345619602013
642;499;98.83852816022862;221.4147339211868
643;348;289.4817071315414;221.57704843928744
644;298;273.9965452529071;223.64911742483412
645;315;255.76719764578087;224.36786765411577
646;499;92.13094420227635;224.4973824679338
647;288;268.8344945342752;224.46955971644687
648;271;251.01684848144893;223.99947470156232
649;499;57.18248256447529;221.91149623875742
650;499;6.237478200169711;219.58855670554243
651;499;94.72773814968447;218.4998601257934
652;499;54.36619987685127;216.38650932962412
653;378;205.7053732874267;215.61836204443745
654;252;276.9149186157764;215.34811726889637
655;343;229.07935617458307;214.87348317964245
656;296;257.55065348733456;215.10266963397186
657;329;231.8648779601382;214.61229226265561
658;499;69.44220719552793;212.89163114055245
659;272;292.32724672848906;213.12565197776647
660;296;280.01771914098083;213.11473188804163
661;424;206.60145693154115;212.3988680801665
662;336;255.70598240199232;212.26965716776795
663;245;219.70784490021745;213.02138908289436
664;291;251.16240523462676;213.3619358849407
665;242;248.9698648109611;212.9703542247822
666;416;204.91983405559557;212.28031044064198
667;307;195.7266465293601;211.5129082856665
668;268;274.5468298264642;212.03158780800658
669;367;198.96411626250352;211.51486178419668
670;274;262.4044168562482;211.33110171058217
671;262;250.3274605130138;211.0121374943743
672;318;219.17351366690434;210.48274768580922
673;258;209.76834342541108;210.29815313239158
674;281;225.78714502411404;210.67923333194284
675;281;225.54032277443855;210.31967690347184
676;499;82.69709374899796;209.5212387905908
677;247;248.71483414268758;209.24683373732915
678;345;278.70071878590727;210.11235025118833
679;298;244.9780546245036;209.98418550884944
680;207;225.39109431704787;209.93153160868897
681;288;234.04343438357296;209.31740101990724
682;242;192.16560528703855;208.9721938278534
683;333;267.5326103484242;209.14384179051095
684;205;262.66766342652295;211.63867291609188
685;499;47.37911513208221;211.31502657952828
686;499;-19.811683542323337;208.66656458317848
687;499;155.263324993854;207.56200409854122
688;268;257.90408586896785;207.36499263470418
689;270;256.07389901454667;207.48070500402198
690;217;265.8773251084125;208.2784318875569
691;499;87.09627345831574;206.47154233240778
692;499;84.94000345698451;204.58228121508355
693;241;258.09530223566856;204.3518357833331
694;499;86.04368963115644;202.7956741950025
695;418;170.22557454478425;202.05397521896518
696;195;275.5126904202906;202.1065391379995
697;231;256.5659110044487;202.96609312801448
698;219;279.1211325542115;203.112991589161
699;476;-276.93858957655107;197.45305443714378
700;361;255.91116884994904;197.44167195350587
701;297;281.70691596703176;197.60372673393337
702;281;207.55199215956156;197.12775919605315
703;309;292.53730060404814;197.66469123214745
704;468;256.9365903230969;199.4148376519223
705;499;110.71081394066344;198.03676399535487
706;416;182.01361846149285;198.29655194748543
707;289;278.36182507134123;198.55445194596518
708;266;259.4352108789634;199.12651662820085
709;249;213.68183806745265;198.9511348059211
710;296;245.76123157769788;198.5983540690838
711;444;235.8306668053386;198.27640825427991
712;352;191.84411925608106;197.64489323336832
713;218;241.34968898303865;197.39981872425574
714;281;250.11608712757734;197.7449363936335
715;499;39.23999505075286;197.92942719857106
716;265;238.51425946831063;200.43093935943864
717;218;276.3476152770008;201.1768024227541
718;442;173.59250370166757;201.29120908158976
719;272;299.0825458613577;201.66753611911318
720;287;266.0387271391751;202.0013935454272
721;300;282.95306326649717;203.41551555912534
722;275;282.9735736617114;203.6077665695184
723;331;220.75353463623526;205.3123922898757
724;499;79.02992441902488;203.41734610632088
725;384;263.4033441839601;203.42908015816062
726;223;266.5948303544936;203.95177287153058
727;216;203.58005617718345;203.60496951334372
728;273;260.066661769656;203.6258020201792
729;260;271.46815029952796;204.12120564862838
730;499;46.58885146277068;202.13595545373704
731;270;254.0009529011352;202.57398425745544
732;210;-78.234875550563;201.38820391442889
733;348;268.2776311410349;203.26796750626556
734;309;270.6846830968315;203.8733518898447
735;334;195.7482691843301;204.58412686892396
736;373;192.09584842972419;204.23853427167597
737;288;285.2513649102531;205.1392392495255
738;392;215.36074793278817;206.28829259485806
739;209;-68.30256444421735;203.2132174646296
740;302;276.0576785941422;203.22848944964764
741;499;39.19331779266066;200.7913762216362
742;288;237.9510158235443;202.1825010982694
743;499;27.788945561926152;199.5655734825732
744;319;-71.40973213225796;196.11151070872154
745;499;17.613414711707875;193.7299728793808
746;326;255.86477351320303;195.3673111724901
747;283;286.1306022496649;195.540272249644
748;207;258.57300326230524;195.61583379745258
749;277;281.6051360329236;197.86006033213704
750;499;120.17523269185445;198.9994378770539
751;346;244.24821389389928;200.49464263449602
752;499;54.666707443724036;200.4976477101647
753;425;249.16326230114123;200.93222660030187
754;253;273.41167926498775;200.89719420679404
755;282;292.3622793585695;201.53002343863392
756;430;227.06644422863252;201.22518134604684
757;240;276.08078908610867;201.66734045730652
758;294;294.1637341083583;203.91455572643486
759;499;9.834958560328253;201.08963284475325
760;351;249.76986701412966;200.7871543234847
761;266;276.5959784762199;201.48709953893155
762;223;280.24621398565813;201.7325018547682
763;251;237.29943841664885;201.9084177899325
764;207;226.95762536280978;201.66636999121434
765;326;268.8839503771834;201.86551084687662
766;245;228.93231141966731;202.10563562051732
767;297;238.09394588769936;202.5293086141007
768;499;22.211897393017903;200.00595928976625
769;324;265.11043151338185;200.667422442275
770;371;218.21732522069766;200.2255515259195
771;205;235.68417417601714;200.07911866254955
772;238;263.39638389913483;200.52134736487184
773;235;258.7880729057172;201.0115446596749
774;236;273.0146516953604;201.48381972638734
775;239;257.5936749339536;201.80435324798248
776;254;210.04572320691904;203.07783954256172
777;266;257.0132798788624;203.16082399992345
778;233;278.1347416589035;203.1551642286534
779;267;262.1302649882394;203.32668633229076
780;233;269.09825813086536;203.7637579704289
781;345;228.41385756935995;203.70746220228682
782;265;258.32768632202476;204.36908301263665
783;284;252.60784285307375;204.21983533768315
784;234;239.50065302722246;203.98816523369015
785;228;253.18553037596786;206.04622938612903
786;259;278.33356060259047;209.0276818275782
787;244;262.35069089036955;210.0985554865433
788;379;246.51725332140356;209.98468716106765
789;234;293.30514123662056;210.35699958328843
790;330;277.53923087856765;210.47361864098994
791;246;253.85619599207135;212.1412178663275
792;280;243.79115895447723;213.72972942130247
793;234;306.5017972336011;214.21379437128178
794;236;233.98686101657677;215.69322608513596
795;268;288.6223435856367;216.8771937755445
796;192;271.92777029165813;216.8413445742582
797;273;239.19934324146942;216.6676788966284
798;200;251.9936810907965;216.39640438199424
799;212;242.73456162387143;221.59313589399846
800;349;248.17940763758958;221.51581828187489
801;276;267.57387558592586;221.3744878780638
802;336;243.1157000756013;221.73012495722426
803;297;263.05331878332686;221.43528513901703
804;225;267.1524516601786;221.53744375238787
805;269;249.1501568981706;222.9218371819629
806;462;254.43315730490886;223.64603257039704
807;323;213.7341454542947;222.99975577422657
808;251;279.36610083070593;223.19906467374403
809;256;251.7095946767538;223.57934223983705
810;311;-27.01943097267616;220.8515356143333
811;198;243.50746284731764;220.92830357475313
812;200;262.6880301588589;221.63674268378088
813;202;-16.30870812928545;219.06015871265757
814;258;232.33977032213653;218.8823955446032
815;197;244.82400774815716;220.93823567157722
816;214;241.48946319296624;220.96798770882378
817;286;218.88435391654298;220.39335509521922
818;236;275.70656568037504;221.41449571500627
819;301;276.46056407187683;221.18827589711145
820;499;155.41537074473467;220.08204233316704
821;205;236.85342606228926;219.621045961125
822;207;234.04980674389589;219.13180829194684
823;272;225.91485025404887;219.18342144812496
824;313;253.89579034225304;220.93208010735728
825;265;261.78762987479263;220.9159229642656
826;241;295.6674733809642;221.20664939453027
827;391;234.93239502807387;221.5201727830392
828;293;255.32616876647515;221.47276785300744
829;267;217.43516584839398;220.93243800849604
830;249;298.1716907272148;223.4482664011405
831;265;288.12276655961466;223.7894845377253
832;239;240.37452251300334;226.975578518361
833;237;296.7357104511257;227.26015931146182
834;230;279.61320517611904;227.34944453225475
835;499;142.5849681448092;226.8178115218595
836;222;238.35052331459073;227.2803582707082
837;327;302.28712989777637;227.45071592058343
838;499;71.67349746330459;226.01384341588857
839;246;272.33015633265427;229.4201706236573
840;251;265.6533318433071;229.31612715614898
841;208;223.93580431546485;231.16355202137697
842;278;303.931449902021;231.82335636216175
843;204;240.65654410569573;233.95203234759944
844;267;280.37027358079354;237.46983240472997
845;222;245.03493010267445;239.7440475586396
846;359;241.18121381174072;239.597211961625
847;197;253.39253905196253;239.26983132964796
848;188;247.75825911757937;239.1616838882007
849;413;230.88652152868178;238.65449774315832
850;281;271.47245583304164;240.16746997457017
851;201;239.2923822735981;240.11791165836715
852;368;249.83322687839944;242.0695768527139
853;292;263.56002197388216;242.21354444944132
854;231;282.34979617562067;242.30292561854768
855;223;271.59816760983415;242.09528450106035
856;196;267.8208319234708;242.50282837800867
857;291;253.7957030254514;242.2799775174021
858;211;241.15165047864352;241.74985668110497
859;261;259.03769139120186;244.2418840094137
860;227;277.9972844421185;244.52415818369357
861;226;254.45370440227754;244.30273544295414
862;275;286.605217286349;244.36632547596102
863;212;222.1231673706439;244.214562765501
864;277;287.38029528909533;244.81878946476388
865;233;298.0914417257067;245.11086437824915
866;195;232.57449567872482;245.1472862208397
867;206;286.7989721051086;245.63433648301384
868;259;221.5935017424931;247.62815252650853
869;209;282.1406733211353;247.79845494458613
870;247;257.68405984952744;248.1931222908744
871;203;272.15721051995416;248.5578526543138
872;251;300.8288499331673;248.9321773146541
873;261;255.57225595894556;248.9000191451864
874;219;12.821993715900163;246.29809256539178
875;400;271.076446539463;246.43292028144685
876;499;43.546878997366036;244.76793183935132
877;360;258.72108392896064;244.78500987985237
878;270;310.9198906978527;245.11286137024183
879;241;274.92592103594825;245.24081793071892
880;213;237.26771608748746;244.92251251028512
881;246;270.49071570931625;245.34328109168464
882;198;225.7453504383436;245.01745773284787
883;238;267.6519699533748;245.16789900385086
884;267;272.60787430369055;245.49897121661553
885;218;248.67834109499628;245.45389932380584
886;274;246.80063948020086;245.1385701125819
887;269;294.6314222151541;245.46137742582977
888;237;270.25254805809107;245.69873037319664
889;216;231.6540611737079;245.0822195725675
890;136;50.98978896754835;242.81672515345733
891;226;220.8536999016461;242.48670019255306
892;158;65.1184632896776;240.69997323590505
893;236;267.3803011765891;240.30875827533495
894;347;277.66435222507175;240.7455331874199
895;237;278.8566194911984;240.6478759464755
896;229;57.719398861054884;238.50579223216948
897;289;264.26095311099164;238.75640833086473
898;427;242.92227347628665;238.66569425471968
899;327;252.8252387134173;238.7666010256151
900;243;251.44504118556156;238.7992573610948
901;236;256.1638802298631;238.68515740753412
902;200;268.64898596802345;238.94049026645837
903;239;253.80517456680008;238.8480088242931
904;210;245.71906448177262;238.63367495250904
905;350;279.1159530265779;238.93333291379312
906;193;248.6797934165055;238.87579927490913
907;227;243.5463038640462;239.17392085900659
908;182;228.78827197081262;238.66814257040767
909;218;227.46231618996092;238.42566978553972
910;339;241.81304090756245;241.11399450434214
911;210;234.30342274517244;241.02195410332072
912;227;276.615114162635;241.16122494335843
913;274;272.39771330846713;244.04828915773595
914;100;-8.22628521595496;241.64262860235505
915;165;33.79406404259626;239.53232916529944
916;116;-74.64099328974916;236.3710246004723
917;252;245.64369779646725;236.6386180392715
918;205;269.29484704754213;236.5745008529432
919;181;38.40147600101139;234.1939099722345
920;227;230.6975317670361;234.94673158245755
921;200;271.24851235152664;235.2906824453499
922;275;274.47169732696835;235.69490135118065
923;272;243.19121874225283;235.86766503606268
924;114;-19.7273472722716;233.13143365991746
925;283;262.94001607349594;233.14295752190446
926;244;270.253849326145;232.88882128135631
927;289;233.9022312348429;232.87851964342397
928;233;239.5216276091551;232.72047423185077
929;205;49.576477607813786;231.04188734944498
930;201;273.4456468791057;230.7946269109639
931;366;231.37236166289063;230.2271228619967
932;203;262.3255352745616;230.44663298961225
933;309;258.33414770158606;230.06261736211687
934;210;245.93400121504382;229.72582532250607
935;230;242.991533177166;230.72989097282968
936;436;228.76550247294043;230.6340407644131
937;223;264.37216324878347;230.2548910979232
938;286;199.5589833372323;231.5337459566625
939;220;258.89925791080225;231.399436972444
940;322;266.0015852758322;231.40291950676925
941;215;283.53570756964444;231.99891853931106
942;217;255.97690338253238;231.51937307411615
943;360;270.29490574388643;231.81575669049806
944;242;238.4981086409489;231.39703504109963
945;225;238.62021572453352;231.33288789731822
946;242;229.34379057049136;231.21451366490572
947;215;201.98381450166158;230.70042641940273
948;282;273.6165936861642;230.95900976508858
949;222;277.1847194091123;231.42199174389287
950;226;311.13700546971063;231.81863724025956
951;192;225.2101975307789;231.67781539283135
952;493;233.30613959764506;231.5125445200238
953;227;284.00254062399046;231.71696970652488
954;187;251.19355406149006;231.40540728538355
955;231;245.154671970392;231.14097232898916
956;225;272.9038964618428;231.19180297437288
957;63;-26.406996966934713;228.38977597444898
958;499;146.30123709658355;227.44127184062836
959;98;-98.70340057073827;223.86386092100895
960;203;231.82606440570552;223.40214872064485
961;173;17.423634993275726;221.03184802655483
962;106;-89.68875867341845;217.26890826695714
963;276;255.92797941543603;217.6069563874051
964;138;-47.73286191163468;214.2558248153978
965;54;-149.7092279498199;209.7778181186425
966;220;241.23890446944668;209.86446220654972
967;124;-241.44611369702778;204.58201134852837
968;433;243.11449386784844;204.79722126978191
969;208;284.8339519989455;204.82415405656005
970;236;281.72659925168114;205.06457945058156
971;269;234.99633127007252;204.69297065808274
972;255;274.10446546550895;204.42572681340616
973;254;246.75406667488986;204.3375449205656
974;398;266.6166965297259;206.87549194870385
975;228;238.49709472960285;206.54969843060528
976;328;286.4351235357349;208.978580875989
977;242;200.52813373936405;208.396651374093
978;369;211.89793987253165;207.4064318658398
979;499;181.94390462751454;206.47661170175547
980;499;16.900007982026665;204.27293462070082
981;353;233.369353102135;203.90172099462904
982;239;249.8735265799846;204.14300275604546
983;239;269.85038081762696;204.16498686468796
984;126;-68.93613358550434;200.74954678579604
985;499;140.26149028418774;199.665378277688
986;318;272.80358909756563;199.92540777386165
987;455;226.35806218440058;199.24267417355406
988;242;272.1173439182624;199.2613221321558
989;368;177.70453482291987;198.72182686864792
990;193;232.00183799911255;200.53194735896355
991;345;259.4790637390792;200.91820099733783
992;256;251.91293066994612;202.78614567114056
993;276;299.7571545173127;203.10991420454778
994;109;-101.07848135569617;199.3224858687401
995;215;260.3315226854364;199.1372349006825
996;214;273.1882996629083;201.291923908701
997;296;287.9055192909427;201.5283695705005
998;220;247.54910944314537;201.57463793016916
999;252;208.40253724420955;201.13041091547703
