episode;steps;reward;average
6;105;-329.5651600345722;-209.12420896844736
7;95;-252.54042276271943;-214.55123569273135
8;108;-122.85946811163316;-204.36326151705376
9;120;-241.97075145643092;-208.1240105109915
10;62;-168.51283659069782;-204.5229947000557
11;123;-312.29872749534013;-213.5043057663294
12;79;-171.79384644366834;-210.2958088953555
13;68;-119.57612557515337;-203.81583151534105
14;126;-58.56074362363097;-194.13215898922707
15;77;38.42528045484681;-179.59731902397243
16;173;-59.0391618914167;-172.5056627220574
17;73;-72.44656719875613;-166.94682408187398
18;115;-112.22569041130683;-164.06676441500204
19;73;-82.92046536098476;-160.00944946230118
20;96;-318.6408928684674;-167.56332771973766
21;102;-373.5462389415773;-176.92618732073038
22;71;-170.27449094932507;-176.63698313066928
23;88;-74.11743434605573;-172.3653352646437
24;105;-172.02502225728085;-172.35172274434916
25;121;-134.61505811525427;-170.90031256630706
26;92;-126.47035260198365;-169.25475849355436
27;123;-374.3124616017218;-176.57824789027464
28;101;-135.38249296214133;-175.15770461689073
29;134;-347.5732492957857;-180.90488943952056
30;103;-184.44109897577505;-181.0189607148836
31;188;-54.99534124548672;-177.08072260646492
32;114;-127.22725119650461;-175.57001135161764
33;154;-148.4578321564985;-174.7725943164671
34;65;-58.05561486720447;-171.4378234750596
35;144;-250.4936689741859;-173.63381918336867
36;117;-58.274939758796606;-170.5160116313532
37;121;-239.1486488330883;-172.32213366297782
38;72;-97.59109972865986;-170.40595330568763
39;125;-66.79214423848795;-167.8156080790076
40;83;-57.505287756489665;-165.1251124613852
41;68;-86.22937464436941;-163.24664251336102
42;120;-176.5425706476749;-163.55585014439157
43;90;-54.76434666272458;-161.08331597435367
44;91;-164.73757532628633;-161.16452173772996
45;63;-183.36811662099626;-161.64720858301834
46;123;-9.409199239138928;-158.4081020012337
47;152;-181.9561180512975;-158.89868566894336
48;123;-107.52286494290516;-157.85019953167728
49;115;-234.6794187910496;-159.38678391686474
50;125;10.803046043095136;-156.04972842745374
51;145;-143.4241615555889;-155.80692906453328
52;155;-274.6233997349847;-158.04874926586257
53;93;-88.30232079957796;-156.75714873870913
54;85;-116.0096667479483;-156.01628542978622
55;75;-136.40544984495793;-155.66609193719998
56;144;-139.7649949236635;-155.3871253229274
57;98;-91.44305177144979;-154.2846412961778
58;149;-122.59816411675399;-153.74758236093334
59;105;-31.81605219855804;-151.7153901915604
60;143;-55.855803059423735;-150.14392155004995
61;300;-93.93224157275554;-149.23728155041616
62;74;-107.67141977516481;-148.577505966682
63;74;-122.48103948997074;-148.16974867798342
64;108;-53.512584363648514;-146.71348461160903
65;84;-95.05755709205555;-145.93081904313095
66;118;-247.321635533799;-147.4441148116484
67;183;-141.05351478785255;-147.35013539953374
68;79;-22.938997592059522;-145.5470754313095
69;124;-90.603818524765;-144.762171761216
70;145;-75.20421315861081;-143.78248220343283
71;143;-68.78298796588214;-142.7408225612446
72;113;-46.88666533503606;-141.42775191431025
73;135;-114.97416537683003;-141.07027101515513
74;123;-202.10781892990485;-141.88410498735178
75;109;-98.2575867851029;-141.31007185311165
76;231;-86.271000216365;-140.5952787149721
77;132;-114.16193739100835;-140.25638972363924
78;132;-55.66019167442546;-139.1855517736492
79;73;-76.331703960948;-138.39987867599044
80;66;-60.52608049382806;-137.43847376016126
81;162;-43.05693056534598;-136.28747933095622
82;160;-50.891791371117144;-135.25861562059671
83;76;-79.11515839220093;-134.59024112978244
84;72;-21.879322098678017;-133.2642303176518
85;107;-26.658769040647016;-132.0246319307099
86;119;-84.04183584574206;-131.47310553892865
87;119;-50.31911712651322;-130.5509011251512
88;105;-30.212188762225196;-129.42349986264642
89;230;-65.74373520645531;-128.71594692202208
90;133;-55.073778229838865;-127.90669232100907
91;130;-65.55833265029321;-127.22899275937085
92;125;-85.56420302459446;-126.78098426759907
93;125;-19.804834019071365;-125.64294011601898
94;161;-85.87957636563654;-125.22437839233073
95;187;-25.983069472256574;-124.19061475774663
96;128;-108.42740485930975;-124.02810743920605
97;184;-34.98074665770302;-123.11946090061927
98;101;-44.503406396407485;-122.32535933997066
99;146;-93.4068501981677;-122.03617424855264
100;149;14.441578706433859;-120.16379021243743
101;103;-55.444504950693656;-118.51415359842512
102;105;-70.06632768992657;-117.30395836570702
103;111;-91.86738483716942;-115.248794230096
104;126;-41.53576922522252;-114.13397386267383
105;223;-193.12194531121065;-115.06907475418492
106;127;-38.17269457233835;-112.1551500995626
107;126;-90.29731067000694;-110.53271897863547
108;78;-70.87938147471326;-110.01291811226628
109;138;-103.15359157312182;-108.6247465134332
110;153;-34.43431300347987;-107.28396127756099
111;225;-97.59138207155101;-105.13688782332312
112;161;-15.724094011087317;-103.5761902989973
113;124;-92.20516798403455;-103.30248072308613
114;128;-44.0049444167402;-103.15692273101722
115;223;-68.61190717904238;-104.2272946073561
116;129;-71.27312459267297;-104.34963423436868
117;80;-127.84353402858164;-104.90360390266693
118;109;-19.596908595194407;-103.97731608450582
119;240;-84.64346350669487;-103.99454606596291
120;150;-68.62902612654723;-101.4944273985437
121;191;41.95293874677327;-97.3394356216602
122;234;-68.8952442465908;-96.32564315463286
123;383;-18.875363071885758;-95.77322244189116
124;92;-71.14101667693355;-94.76438238608768
125;229;-71.0495901191108;-94.12872770612624
126;218;-91.04901651062706;-93.77451434521268
127;290;-17.1195311727067;-90.20258504092253
128;427;-43.33972357459143;-89.28215734704703
129;119;-12.51813657886548;-85.9316062198778
130;83;-25.857270808955448;-84.3457679382096
131;308;22.147300765125777;-83.5743415181035
132;108;-81.9953565865108;-83.12202257200357
133;499;33.41376524657006;-81.30330659797288
134;164;74.97342824513396;-79.9730161668495
135;193;-68.04981119067527;-78.14857758901441
136;282;-206.70702292565798;-79.63289842068302
137;158;-207.28953310165542;-79.31430726336868
138;186;-36.515044478370314;-78.70354671086578
139;122;23.42381035440303;-77.80138716493687
140;499;43.61137539334605;-76.79022053343851
141;246;7.378849769456622;-75.85413828930027
142;400;-27.510084319204253;-74.36381342601555
143;123;-28.82831407343666;-74.10445310012267
144;456;-84.37648396447597;-73.30084218650457
145;485;-81.14331116785644;-72.27859413197316
146;122;-5.91736413913614;-72.24367578097315
147;204;-6.161980595985625;-70.48573440642002
148;108;40.41534384474039;-69.00635231854356
149;499;-4.112161708815277;-66.70067974772122
150;172;6.17595049572779;-66.7469507031949
151;275;-189.24368011811723;-67.20514588882018
152;93;-52.27750051157676;-64.98168689658608
153;251;27.6017386413331;-63.822646302176985
154;137;-86.71513680565181;-63.52970100275402
155;499;45.14014469122964;-61.71424505739215
156;499;44.060909297688056;-59.87598601517863
157;499;103.56401028108218;-57.92591539465331
158;80;-91.67939598172929;-57.61672771330307
159;499;68.40134515311962;-56.61455373978629
160;499;28.51238872021084;-55.77087182198994
161;212;53.09804087004309;-54.30056899756196
162;142;-6.112458092901505;-53.28497938073932
163;73;-17.916832952659576;-52.239337315366214
164;94;-33.7905955705768;-52.042117427435485
165;133;17.373654980299193;-50.917805306711955
166;499;85.11734699843639;-47.5934154813896
167;499;32.68675451262158;-45.85601278838486
168;182;-395.19170092249925;-49.57853982168926
169;499;5.5344440428866974;-48.617157196012734
170;499;39.346889020904555;-47.471646174217575
171;499;126.09937667958846;-45.52282252776288
172;499;21.00463734782962;-44.843909500934224
173;499;41.579627040772586;-43.27837157675819
174;499;78.81404678251761;-40.46915291963396
175;276;-259.38248011537394;-42.080401852936674
176;313;-59.009135542643584;-41.80778320619947
177;499;-25.807070922946856;-40.92423454151885
178;499;50.11859442971442;-39.866446680477445
179;328;-217.4434597906817;-41.27756423877479
180;148;7.243862174188777;-40.599864812094616
181;445;-88.07783632253103;-41.05007386966647
182;499;-2.059665141294759;-40.56175260736824
183;499;118.32529520420071;-38.58734807140422
184;499;48.14726978195356;-37.88708215259791
185;499;71.28410198003219;-36.90765344239112
186;499;47.86181601324484;-35.58861692380125
187;499;21.49358635454397;-34.870489888990676
188;499;-12.540583494193744;-34.69377383631037
189;170;-5.807166262265099;-34.09440814686846
190;218;-159.3680388562737;-35.137350753132814
191;499;-16.117787771123698;-34.64294530434112
192;102;24.643247745004388;-33.54087079664513
193;234;-130.57079613171277;-34.648530417771546
194;137;-130.02632373276998;-35.08999789144287
195;499;63.07437092186062;-34.1994234875017
196;154;1.25349044350682;-33.10261453447353
197;136;-38.55035400541529;-33.138310607950665
198;499;68.41650596903553;-32.009111484296234
199;499;41.73214041883088;-30.657721578126242
200;499;63.747547304524645;-30.164661892145336
201;499;50.06169591959738;-29.109599883442428
202;499;31.997109024587104;-28.08896551629729
203;499;65.95959825199671;-26.51069568540563
204;106;-5.7486730757382105;-26.152824723910786
205;499;42.320666956896325;-23.798398601229714
206;499;49.560089031161816;-22.921070765194713
207;499;94.30239003136282;-21.07507375818102
208;239;-210.8546708214701;-22.47482665164858
209;429;-181.4230660335022;-23.257521396252386
210;499;41.22127380035621;-22.500965528214028
211;499;15.386196933486314;-21.371189738163654
212;136;-43.68494474198951;-21.65079824547267
213;499;95.92870826429647;-19.76945948298936
214;432;-317.038856149227;-22.499798600314225
215;499;68.95730220245512;-21.124106506499256
216;499;70.4787067456529;-19.70658819311599
217;138;-142.06481789990372;-19.84880103182922
218;499;103.13194230345617;-18.621512522842714
219;138;-24.90549673119567;-18.02413285508772
220;499;47.10796350272677;-16.866762958794983
221;499;79.85112681076605;-16.487781078155052
222;315;-27.50407664425056;-16.073869402131653
223;499;87.39617272461422;-15.011154044166652
224;499;31.194798018082537;-13.98779589721649
225;360;-34.46816345370233;-13.621981630562408
226;171;-202.10438850332991;-14.732535350489439
227;499;31.028650724379663;-14.251053531518572
228;499;87.39941402297804;-12.943662155542874
229;499;75.05793886660024;-12.06790140108822
230;499;78.42945899842329;-11.025034103014432
231;148;-61.895968770016054;-11.86546679836585
232;499;42.628569153954345;-10.619227540961196
233;499;59.850154001301334;-10.354863653413886
234;499;10.142177699618525;-11.003176158869042
235;499;56.59839167081792;-9.756694130254113
236;167;-119.90966639760882;-8.888720564973617
237;128;18.397372431636796;-6.631851509640698
238;410;-217.25921137807597;-8.439293178637751
239;499;35.97545969361134;-8.31377668524567
240;499;31.786072154435402;-8.432029717634776
241;499;78.66395217149521;-7.719178693614391
242;309;-98.9631165446478;-8.433709015868827
243;499;65.60200265037923;-7.489405848630668
244;499;17.366671202126568;-6.4719742969646425
245;499;18.27387825313241;-5.477802402754755
246;499;29.972051259066664;-5.118908248772726
247;499;96.1424955693683;-4.095863487119187
248;499;26.836799862583966;-4.231648926940752
249;499;19.952607824255725;-3.9910012316100416
250;499;74.8103553711131;-3.3046571828561877
251;499;73.54966721320844;-0.6767237095429306
252;499;18.013407133967224;0.026185366912509275
253;499;14.57477760183875;-0.10408424348243309
254;499;91.53213605909433;1.678388485165027
255;271;-7.258816549399086;1.1543988727587395
256;499;39.7287937848317;1.1110777176301756
257;499;85.18008476418578;0.9272384624612127
258;499;97.1247072536629;2.8152794948151336
259;499;14.500626963502436;2.276272312918962
260;138;-22.99362496714963;1.7612121760453578
261;367;-60.793359213031934;0.6222981752146084
262;499;132.2830515927336;2.0062532720709596
263;499;1.1800928173911316;2.1972225297714676
264;499;8.26119267216118;2.617740412198848
265;499;85.36389934985249;3.2976428558943804
266;499;116.18240088905708;3.608293394800587
267;499;-12.191087133463542;3.159514978339735
268;95;-44.793734328641364;6.663494644278315
269;499;55.57630385056525;7.163913242355102
270;142;3.3832170421582077;6.804276522567637
271;142;-30.38896868352552;5.239393068936497
272;499;40.0945605772675;5.4302923012308755
273;499;8.413291520270548;5.098628946025855
274;499;29.819580834671694;4.608684286547394
275;499;28.455677376941612;7.487065861470549
276;499;-28.900798896755305;7.788149227929433
277;499;20.59992679139912;8.252219205072892
278;499;68.76250541199734;8.438658314895722
279;499;35.38739627189971;10.966966875521537
280;499;40.88106333957089;11.303338887175356
281;499;35.75265814451962;12.541643831845866
282;499;134.17596838436242;13.904000167102435
283;499;59.13072455410692;13.3120544606015
284;131;-202.78191519862594;10.802762610795705
285;499;83.70189346582063;10.926940525653588
286;499;-13.660942743691328;10.311712938084227
287;499;80.00817716966846;10.896858846235471
288;428;-174.41668516434675;9.278097829533941
289;464;147.82816663934807;10.814451158550073
290;499;138.90788316473544;13.797210378760163
291;499;122.69882806699667;15.185376537141368
292;499;37.45550053906018;15.313499065081926
293;499;153.2829878206891;18.152036904605946
294;499;154.0984534553529;20.993284676487175
295;122;-23.644099596228344;20.126099971306285
296;499;78.10177537264536;20.89458282059767
297;499;38.5967959642722;21.666054320294542
298;499;73.14698109969018;21.71335907160109
299;131;-231.6865127124569;18.97917254028821
300;499;43.44201010594513;18.776117168302413
301;499;62.52022463605182;18.900702455466963
302;111;31.800767484304373;18.898739040064136
303;499;111.5965737995713;19.35510879553988
304;499;91.15157099977414;20.324111236295003
305;499;183.78048230142082;21.738709389740247
306;499;165.24525612161742;22.89556106064481
307;117;-217.8072063775169;19.77446509655601
308;499;142.7762762909676;23.310774567680383
309;499;145.29325900634936;26.577937818078894
310;86;-39.83490501270725;25.767376029948263
311;499;177.33318669330646;27.386845927546464
312;499;81.22919219014346;28.635987296867793
313;499;83.67693438456466;28.513469558070472
314;205;6.171301186210812;31.74557113142485
315;499;-75.69862141292731;30.29901189527103
316;499;195.29085792967405;31.547133407111243
317;499;91.56965472043343;33.88347813331461
318;499;151.58092285997705;34.36796793887982
319;112;-4.224737795160451;34.574775528240174
320;248;236.42813127031798;36.46797720591609
321;499;165.48919333548758;37.3243578711633
322;90;-21.166728295693872;37.38773135464888
323;499;146.77895063168646;37.981559133719585
324;367;294.7607240516652;40.61721839405541
325;499;147.47964733571848;42.436696501949626
326;499;71.55748793518674;45.1733152663348
327;499;98.85070834132188;45.85153584250422
328;385;286.4967330878942;47.84250903315338
329;97;-11.402967996357361;46.9778999645238
330;293;252.61255176804877;48.71973089222005
331;499;141.68742093467424;50.75556478926696
332;356;277.48211152137856;53.10410021294119
333;499;124.24753878711992;53.74807406079939
334;499;144.1628293039275;55.08828057684247
335;127;-2.566630788297445;54.49663035225132
336;280;303.51508099061857;58.7308778261336
337;491;257.096007721924;61.11786417903648
338;499;162.4242703444259;64.91469899626148
339;499;147.56248826570152;66.03056928198238
340;375;232.7402158637415;68.04011071907544
341;106;-8.110071426147897;67.17237048309902
342;474;235.8791612061093;70.52079326060658
343;499;174.13923798376436;71.60616561394045
344;93;-0.4274587906591307;71.42822431401258
345;499;137.35788834872127;72.61906441496848
346;279;265.66976596944403;74.97604156207224
347;499;118.83884680078188;75.20300507438638
348;71;-7.457936162409069;74.86005771413643
349;499;140.53821873919756;76.06591382328587
350;499;116.90576589554041;76.48686792853015
351;499;107.18557464035689;76.82322700280163
352;499;137.87342053558294;78.02182713681779
353;499;148.06740927855483;79.35675345358496
354;499;72.54982842410361;79.16693037723503
355;499;136.2385584278971;80.60190412700801
356;499;129.32174968988065;81.4978336860585
357;499;127.63736877854684;81.92240652620211
358;499;69.21693540230643;81.64332880768853
359;499;41.21227814777939;81.9104453195313
360;365;213.34157868400763;84.27379735604286
361;499;89.98442328013498;85.78157518097454
362;499;23.434380857703193;84.69308847362424
363;425;218.06238205325957;86.86191136598295
364;499;50.51504082282077;87.28444984748953
365;499;88.04059677985256;87.31121682178953
366;499;-10.335305681089384;86.04603975608805
367;499;60.265988216375476;86.77061050958642
368;499;131.45612808374236;88.53310913371028
369;499;122.2091596167836;89.19943769137245
370;84;-33.44463080781969;88.83115921287268
371;499;135.27474427670683;90.487796342475
372;499;64.17690551772114;90.72861979187954
373;499;77.7311582674817;91.42179845935165
374;499;39.11416349266683;91.51474428593161
375;499;87.5195161552459;92.10538267371463
376;108;-52.02050750025849;91.87418558767962
377;499;75.1992667151365;92.42017898691702
378;487;239.1644593483822;94.12419852628085
379;499;63.474013947254264;94.4050647030344
380;499;127.64499544666674;95.27270402410535
381;222;-203.80820042046759;92.87709543845546
382;499;104.72096604114739;92.58254541502332
383;499;117.40597178205522;93.16529788730283
384;499;122.63867711287699;96.41950381041785
385;499;180.01034812111945;97.38258835697083
386;499;43.534076558632606;97.95453854999407
387;499;160.85872481631338;98.76304402646052
388;128;-9.121582970789404;100.41599504839608
389;499;129.46621301515952;100.23237551215423
390;499;191.08592248119098;100.75415590531875
391;430;230.00529468567944;101.82722057150559
392;441;228.9755829360476;103.74242139547545
393;254;240.2437423510963;104.61202894077955
394;477;225.98883749578206;105.33093278118383
395;499;147.8490520955421;107.04586429810153
396;499;-0.8254527099502464;106.25659201727558
397;312;-273.06392395551336;103.13998481807774
398;499;83.55769376188252;103.24409194469965
399;469;223.94068152408397;107.80036388706505
400;239;259.636529060453;109.96230907661014
401;499;102.21477856735879;110.35925461592322
402;499;12.461962351907983;110.16586656459926
403;499;90.27687760911233;109.95266960269466
404;499;142.65512501390492;110.46770514283598
405;499;22.40363945515246;108.85393671437329
406;269;-366.6852126244223;103.53463202691287
407;499;184.6292378476463;107.5589964691645
408;299;271.1862703740933;108.84309640999578
409;406;225.45620801011344;109.6447259000334
410;499;78.27446418589386;110.8258195920194
411;420;242.2479798859178;111.47496752394552
412;499;119.68294346391747;111.85950503668326
413;499;124.53610944004521;112.26809678723806
414;499;67.867278407993;112.8850565594559
415;499;17.797363263163586;113.8200164062168
416;134;-4.262053900008837;111.82448728791998
417;363;264.4726725088693;113.55351746580435
418;137;2.9188235059644114;112.06689647226422
419;499;42.42651383261077;112.53340898854192
420;499;135.3694303566967;111.5228219794057
421;499;52.03819041141036;110.38831195016495
422;499;105.89620322217887;111.65894126534367
423;499;61.27749677443631;110.80392672677118
424;499;149.05126996642846;109.3468321859188
425;499;-22.462179693114184;107.6474139156305
426;499;71.13615721987267;107.64320060847734
427;260;237.49184066943158;109.02961193175844
428;96;-30.32908996406779;105.86135370123883
429;305;216.34369404442174;108.13882032164662
430;499;157.97323257138626;107.19242712968
431;499;58.99035847206669;106.36545650505391
432;499;132.38813915547115;104.91451678139484
433;499;78.53294395305072;104.45737083305414
434;499;-69.88686608131019;102.31687387920175
435;499;49.771966523517705;102.84025985231992
436;499;80.57935044015595;100.61090254681528
437;499;85.5552025109292;98.89549449470535
438;281;293.9543938001507;100.21079572926257
439;258;277.4574412613465;101.50974525921902
440;434;228.42946399511925;101.46663774053282
441;499;161.461938960542;103.16235784439972
442;499;162.78685640108958;102.43143479634948
443;421;273.97543121197714;103.42979672863162
444;295;237.61815283033894;105.8102528448416
445;499;144.8735189051187;105.88540915040558
446;244;-158.09465788069508;101.64776491190419
447;474;237.14405610892578;102.83081700498566
448;499;27.832431520370935;103.18372068181344
449;199;225.02095789233536;104.02854807334482
450;257;260.19970563314604;105.46148747072088
451;499;147.60429112973702;105.86567463561468
452;459;231.400030400078;106.80094073425963
453;189;252.23802137066434;107.84264685518072
454;199;217.52605771951363;109.29240914813482
455;352;241.7817854418801;110.34784141827465
456;499;83.10964979704116;109.88572041934626
457;499;116.21331807705104;109.7714799123313
458;245;246.01778713787107;111.53948842968695
459;245;288.3777646130342;114.01114329433949
460;499;103.28321184231898;112.91055962592262
461;395;153.95754223625;113.55029081548376
462;220;262.57577736307485;115.9417047805375
463;474;255.20276886192596;116.31310864862412
464;232;310.2047204957205;118.91000544535315
465;241;251.27417803265163;120.54234125788112
466;499;120.15238405467092;121.84721815523872
467;499;84.98172468511166;122.09437551992607
468;499;68.19566121819912;121.46177085127064
469;471;276.99801649837536;123.00965942008655
470;462;236.21796209587217;125.7062853491235
471;295;250.50023687837108;126.85854027514013
472;430;239.26825642769666;128.6094537842399
473;337;270.48124880624243;130.5369546896275
474;397;243.96466110000145;132.58545966570082
475;326;257.3074880443619;134.28333938459198
476;499;128.07976776936636;136.08434213728825
477;395;211.2591550734122;137.444941020871
478;306;286.9860259163032;137.92315668655021
479;499;78.35559039316969;138.07197245100937
480;414;217.51496578196932;138.9706721543624
481;499;150.61831828594308;142.51493734142647
482;439;209.43662596718457;143.56209394068685
483;397;258.8091443503773;144.9761256663701
484;499;75.83835232657641;144.50812241850707
485;499;103.1329447556352;143.73934838485224
486;339;245.48838318441983;145.75889145111012
487;450;284.61201489862674;146.99642435193323
488;313;188.00736306324146;148.96771381227356
489;499;139.78197765394688;149.07087145866143
490;454;237.16035393438486;149.53161577319338
491;499;123.24293791689482;148.46399220550552
492;268;249.9022712192192;148.67325908833726
493;375;298.1422741478742;149.25224440630504
494;279;297.22122210764957;149.9645682524237
495;182;264.26677735156954;151.12874550498398
496;477;185.89224542352503;152.99592248631873
497;386;278.98961873863067;158.51645791326018
498;352;222.31113882239646;159.9039923638653
499;499;111.24845690344557;158.77707011765892
500;499;158.93919265232756;157.77009675357766
501;414;257.56594311237086;159.3236083990278
502;499;148.46644370874358;160.68365321259614
503;334;237.20037964985178;162.15288823300355
504;499;131.2073966035457;162.03841094889995
505;407;244.54592631917865;164.2598338175402
506;379;286.2357625176365;170.78904356896078
507;499;139.93436215313682;170.34209481201572
508;486;243.40928906139274;170.0643249988887
509;493;249.79460399469295;170.30770895873454
510;499;84.21559406779578;170.36712025755355
511;133;-6.805337094202841;167.87658708775234
512;362;271.49547230693065;169.39471237618244
513;101;23.499929226544808;168.38435057404743
514;95;-141.45195538660255;166.29115823610152
515;397;292.53898088069343;169.0385744122768
516;499;131.73317261172036;170.39852667739407
517;94;32.18337690299376;168.0756337213353
518;424;229.2892839792472;170.33933832606814
519;210;270.20835152079667;172.61715670295
520;285;-18.78680621345137;171.07559433724856
521;353;263.5482938166203;173.19069537130062
522;494;155.2632864519157;173.68436620359796
523;469;251.3734813329556;175.58532604918318
524;499;34.46782489001434;174.43949159841898
525;428;240.95331826999893;177.0736465780501
526;239;241.8376800777353;178.78066180662879
527;314;284.13208484846996;179.24706424841915
528;499;62.65262306905569;180.1768813787504
529;499;89.2202410413033;178.90564684871921
530;250;302.6678734309914;180.35259325731525
531;356;248.95733426906804;182.25226301528528
532;499;72.74936069098193;181.6558752306404
533;333;254.4153774784357;183.41469956589418
534;491;251.97675106787864;186.63333573738615
535;332;242.2186546197905;188.55780261834892
536;471;272.2452981822941;190.47446209577026
537;485;239.51762189610818;192.01408628962207
538;499;111.63246575346244;190.1908670091552
539;426;225.33669398169474;189.66965953635867
540;374;273.7613866742681;190.12297876315017
541;259;276.9688601091431;191.27804797463617
542;397;255.61067265253524;192.20628613715064
543;322;188.55144234201873;191.35204624845102
544;208;297.393517853326;191.94979989868088
545;219;243.89396852833644;192.94000439491305
546;354;253.3939701174859;197.05489067489486
547;92;19.658899444052267;194.88003910824614
548;281;285.70881055857313;197.45880289862816
549;292;253.28992249643682;197.7414925446692
550;499;103.28418619426074;196.17233735028037
551;304;256.481212266419;197.26110656164713
552;307;290.92300888001836;197.85633634644654
553;443;258.70733849566466;197.92102951769655
554;329;254.75336919131882;198.29330263241457
555;245;275.93909425965717;198.63487572059236
556;217;245.46897364719464;200.25846895909388
557;285;223.00343457405148;201.32637012406397
558;333;207.24217731387282;200.93861402582397
559;225;284.35973129354295;200.89843369262906
560;267;249.434120297438;202.3599427771802
561;499;109.50750130761423;201.91544236789386
562;223;265.13183801028333;201.9410029743659
563;499;88.59977907908014;200.27497307653744
564;362;281.7136574948432;199.99006244652864
565;388;246.7572506806982;199.94489317300906
566;355;275.21003636981754;201.49546969616063
567;270;234.81993505690423;202.99385179987857
568;435;249.3065485797194;204.80496067349378
569;279;258.3817015203928;204.61879752371394
570;440;260.4134887988303;204.8607527907435
571;256;243.54182274462113;204.79116864940602
572;229;285.3489517730109;205.25197560285918
573;261;286.7954743623703;205.41511785842044
574;278;295.94497314490684;205.93492097886948
575;416;241.10903281499697;205.77293642657588
576;247;298.16020725540625;207.47374082143622
577;248;287.8779426411268;208.23992869711338
578;308;290.78966385155655;208.2779650764659
579;399;243.70482613963608;209.9314574339306
580;215;268.355389452726;210.43986167063815
581;94;40.682814170893096;209.34050662948763
582;263;241.6676381530402;209.6628167513462
583;245;268.6287619186836;209.7610129270293
584;281;240.08205766300088;211.40344998039353
585;242;303.5546155574706;213.40766668841184
586;311;263.28608709370087;213.58564372750465
587;240;251.7696749838158;213.25722032835654
588;232;292.54015236746517;214.30254822139875
589;275;257.7965152650352;215.48269359750967
590;240;288.59418343674486;215.9970318925333
591;344;260.8411821537269;217.3730143349016
592;388;224.8536159957995;217.12252778266742
593;300;262.9951504265883;216.77105654545457
594;295;249.39227246453277;216.29276704902338
595;212;305.4536848839949;216.70463612434767
596;220;260.7494412168553;217.45320808228098
597;224;270.12665781998135;217.36457847309453
598;478;251.98518953939913;217.66131898026453
599;218;278.25835619790234;219.33141797320906
600;343;259.6241600256458;220.33826764694223
601;499;112.96048568759497;218.89221307269446
602;298;-378.2132581461684;213.62541605414532
603;242;278.3658794677252;214.0370710523241
604;337;281.3951900438617;215.53894898672723
605;412;145.3791995714252;214.5472817192497
606;265;274.8492937729354;214.43341703180266
607;285;244.14315284995808;215.4755049387709
608;272;269.2840425126186;215.73425247328316
609;217;232.2648907080707;215.55895534041693
610;341;280.7350430070566;217.52414982980957
611;266;291.61366241855296;220.5083398249371
612;390;242.9117211694025;220.22250231356182
613;473;205.6035168519396;222.04353818981582
614;294;225.83042522283486;225.71636199591015
615;225;272.13146768332234;225.51228686393642
616;317;281.04466599358204;227.00540179775504
617;211;285.49053353341685;229.5384733640592
618;279;243.1305840149143;229.6768863644159
619;301;266.7259150830754;229.64206200003866
620;238;225.4478487511857;232.08440854968507
621;187;240.87796569542624;231.8577052684731
622;277;224.93523167321968;232.55442472068617
623;499;151.11808116674305;231.551870719024
624;241;258.3229836503357;233.79042230662725
625;206;249.69646686511393;233.87785379257838
626;275;286.0444267911778;234.31992125971286
627;90;20.561481713502374;231.68421522836314
628;276;268.7419063664412;233.74510806133705
629;189;243.68871200625802;235.28979277098657
630;499;154.75809571829578;233.8106949938596
631;211;264.8791755564954;233.96991340673387
632;275;226.49761059209303;235.50739590574503
633;214;265.6765089191514;235.6200072201522
634;297;277.34917804989857;235.87373148997239
635;207;323.2332068740436;236.68387701251493
636;198;262.093573727094;236.58235976796294
637;237;245.10113373550737;236.63819488635693
638;264;281.27119126834776;238.3345821415058
639;229;268.1130645863137;238.76234584755196
640;209;251.4351077565049;238.53908305837433
641;318;303.4898589872041;238.80429304715489
642;244;259.63327929164444;238.84451911354597
643;185;252.00887968129757;239.47909348693875
644;239;233.57598806548913;238.8409181890604
645;214;258.840966321671;238.99038816699374
646;215;275.39597718409277;239.21040823765983
647;238;245.4433977405016;241.46825322062435
648;433;292.733644700838;241.53850156204697
649;209;304.3273054155269;242.04887539123789
650;239;237.9118281539443;243.39515181083473
651;258;261.60380203628046;243.44637770853333
652;280;257.69810792627317;243.11412869899587
653;205;265.34652806000474;243.18052059463926
654;313;287.5835443341613;243.5088223460677
655;251;282.3049320696546;243.5724807241677
656;175;291.7100711648874;244.03489169934463
657;308;271.12068976236174;244.51606425122776
658;499;134.82613371660705;243.79190381525513
659;245;296.2775770628785;243.91108227294848
660;321;214.86178691042528;243.5653589390783
661;205;302.19090330181155;245.4921929590203
662;410;245.37020547219518;245.29457663363937
663;278;282.51128756869775;247.23369171853557
664;229;268.4547690465854;247.101102834053
665;328;250.40422375923023;247.13757256483825
666;277;285.7395143181625;247.24286734432172
667;263;266.46662637098893;247.55933425746258
668;338;249.9242703775045;247.56551147544045
669;93;31.907327079806294;245.30076773103457
670;240;292.1311663286197;245.61794450633252
671;259;274.13003541705575;245.92382663305685
672;223;276.0032940506585;245.8303700558333
673;291;242.0286404664145;245.38270171687375
674;317;274.1660318229518;245.1649123036542
675;223;262.75603487390424;245.38138232424325
676;270;234.19259024159277;244.7417061541051
677;479;248.8632010546268;244.35155873824013
678;209;248.2966524639574;243.92662862436413
679;286;264.3569279956074;244.13314964292385
680;340;277.95242263683747;244.22911997476498
681;194;279.56259499407224;246.61791778299673
682;258;274.217629004855;246.94341769151492
683;227;236.02361395900476;246.61736621191812
684;270;257.39969372819434;246.79054257257008
685;267;269.58136995154325;246.45081011651075
686;206;297.955661823098;246.79750586380473
687;263;217.52144962338383;246.45502361020036
688;276;268.7733744364423;246.21735583089014
689;258;225.99448668693393;245.89933554510912
690;293;279.38627875736154;245.8072564983153
691;235;242.52717047718656;245.62411638154992
692;229;304.75221194062493;246.42310234099818
693;284;239.64140307507225;246.18956486748303
694;390;296.44869433967835;246.6601290862345
695;241;260.7137670684276;246.2127299080788
696;271;216.92024326743427;245.7744379285846
697;361;264.44243196392574;245.71759567002405
698;320;259.3147967527181;245.79089174215724
699;181;244.6311724504362;245.45461990468263
700;238;259.31955331121003;245.45157383753823
701;407;282.98151396949595;247.15178412035723
702;174;268.1149414987283;253.61506611680616
703;182;260.0027376414906;253.43143469854382
704;176;282.05874854620834;253.43807028356733
705;244;264.2458079283973;254.62673636713706
706;271;273.8007267026602;254.6162506964343
707;302;230.07932386724772;254.4756124066072
708;325;295.7379401746748;254.74015138322778
709;270;294.9889308219693;255.36739178436673
710;211;279.3788581407692;255.35382993570383
711;276;287.02813884039244;255.30797469992223
712;387;266.10727632484895;255.53993025147668
713;214;252.33054085458897;256.0072004915032
714;237;287.90273819870373;256.6279236212619
715;499;136.3077087708323;255.269686032137
716;300;308.51594631390344;255.54439883534022
717;232;225.80510386977022;254.94754453870377
718;228;258.4503237239573;255.10074193579422
719;218;273.59413264504747;255.16942411141395
720;311;214.29522485431391;255.05789787244524
721;261;238.81849005067545;255.0373031159977
722;187;263.7520037462331;255.42547083672787
723;226;259.9699249041455;256.51398927410185
724;244;253.96898220094556;256.47044925960796
725;257;305.80440464266957;257.03152863738353
726;254;247.3387746712414;256.6444721161841
727;177;257.3317247353748;259.01217454640283
728;162;218.79593546028343;258.5127148373412
729;184;280.145142819552;258.8772791454742
730;280;262.5143214053984;259.9548414023452
731;245;280.24541222898665;260.1085037690701
732;218;266.6835001932068;260.5103626650813
733;185;271.8484911012765;260.5720824869025
734;259;204.04194875747433;259.8390101939783
735;499;165.91115704307148;258.26578969566856
736;252;281.38495109194787;258.45870346931713
737;218;274.8860732250601;258.75655286421267
738;245;257.2456688078244;258.51629763960744
739;234;241.97646103496828;258.25493160409394
740;235;271.5122159651345;258.45570268618025
741;264;272.1357379093258;258.1421614754014
742;282;268.1857309363605;258.2276859918486
743;231;298.3561936098937;258.6911591311346
744;314;244.50676283813726;258.8004668788611
745;266;241.1823709296383;258.62388092494075
746;304;224.19878682184756;258.1119090213183
747;257;272.57255719693944;258.3832006158827
748;205;286.065664535019;258.3165208142245
749;190;289.4421372451162;258.16766913252036
750;270;253.19436342030178;258.32049448518393
751;245;297.51925049475824;258.6796489697688
752;322;240.14832095987995;258.5041511001049
753;173;241.06063503540008;258.2612921698588
754;252;280.58390904118676;258.191295816929
755;232;275.65375472030814;258.12478404343557
756;234;256.85308647556167;257.7762141965423
757;336;257.3033681924788;257.63804098084347
758;229;263.3082155352886;258.9228617990303
759;280;256.3946671243761;258.52403269964526
760;174;256.3991395955616;258.9394062264966
761;321;288.65937682188314;258.80409096169734
762;333;239.05341395557485;258.7409230465311
763;139;45.85541809035729;256.3743643517477
764;214;253.99620053361653;256.229778666618
765;248;254.09092278363025;256.266645656862
766;193;242.66022557180946;255.83585276939849
767;154;1.1821522624369578;253.18300802831303
768;209;243.4307463013631;253.1180727875516
769;282;240.99185906268104;255.20891810738033
770;222;267.62826092888514;254.96388905338299
771;229;257.3677734452341;254.79626643366478
772;350;293.3098856458786;254.969332349617
773;204;209.5023764944538;254.64406970989734
774;223;312.8867033281591;255.03127642494943
775;499;153.54212234898216;253.9391372997002
776;388;258.85482302658306;254.1857596275501
777;252;293.6200936825494;254.63332855382933
778;185;282.66728120940127;254.97703484128374
779;299;268.6976889990748;255.02044245131844
780;300;291.30834639708985;255.15400168892094
781;499;135.46034214144993;253.71297916039478
782;253;259.0506040722696;253.56130891106892
783;308;195.46727597033322;253.1557455311822
784;199;273.46251196156624;253.31637371351587
785;226;260.8364845303933;253.22892485930439
786;231;266.8817514355045;252.91818575542842
787;260;146.47676444698004;252.20773890366442
788;268;300.1507163676021;252.521512322976
789;297;200.42943144948185;252.26586177060148
790;240;306.8909719860869;252.54090870288874
791;283;237.2522308348128;252.48815930646498
792;200;233.53542099625253;251.77599139702124
793;249;249.297233182606;251.87254969809663
794;499;190.23996129699975;250.81046236766983
795;367;280.169970382701;251.00502440081257
796;265;285.11781555318464;251.6870001236701
797;203;259.2264281381583;251.6348400854124
798;276;277.43910551600527;251.81608317304526
799;337;207.4206597128732;251.44397804566964
800;499;178.14658910964812;250.63224840365402
801;282;289.10738712331226;250.6935071351922
802;292;211.96631036292382;250.13202082383413
803;260;269.88304721514413;250.23082391957072
804;243;249.83278272701526;249.90856426137879
805;184;250.62009648679106;249.7723071469627
806;239;245.4665622277332;249.4889655022134
807;347;-142.56620172273202;245.76251024631355
808;400;185.34915422684756;244.65862238683533
809;246;240.35954490100528;244.11232852762572
810;366;217.6916726995604;243.49545667321362
811;499;45.58514903259851;241.08102677513568
812;273;262.78321791282247;241.04778619101543
813;204;282.7299902653774;241.35178068512332
814;286;296.48289019482974;241.4375822050846
815;320;219.4038801534491;242.26854391891072
816;273;266.86838908196574;241.85206834659138
817;138;-157.4163384652143;238.01985392324158
818;264;234.33494126197485;237.7787000986217
819;193;7.513371741972918;235.11789248959096
820;296;289.7683415040925;235.87262365608876
821;226;189.85457149351126;235.38298447051707
822;293;239.34102264151753;235.13887465946993
823;223;230.35752450130812;234.84275065544153
824;148;-23.7447120532796;232.06561371289934
825;227;213.35140739506244;231.14108374042323
826;293;218.94295159346706;230.85712550964553
827;299;178.3080684724167;230.06688894701585
828;215;270.6134450263348;230.58506404267638
829;201;294.4855340927078;230.72846795540798
830;258;250.53443799641033;230.60866912131806
831;274;168.29398478439043;229.48915484687214
832;244;275.21221666280917;229.57444201156818
833;187;183.59598044199635;228.69191690497544
834;187;273.2193612242844;229.3836910296435
835;354;228.603048406964;230.0106099432824
836;336;219.38682094447313;229.39062864180767
837;128;-117.53479830730447;225.466419926484
838;237;261.4304578360917;225.50826781676668
839;203;193.1772693975875;225.02027590039287
840;192;207.50105710137098;224.3801643117552
841;138;-34.098200786079275;221.31782492480116
842;360;285.56714766710314;221.49163909210856
843;240;262.0855701519039;221.12893285752867
844;234;263.31596089865343;221.31702483813385
845;263;196.08161382511702;220.86601726708864
846;323;163.4625580594392;220.25865497946458
847;188;240.4864960066344;219.93779436756154
848;142;-96.85064333802127;216.10863128883113
849;181;246.43458205870252;215.67855573696698
850;187;217.00024536946233;215.3166145564586
851;273;291.2999967779721;215.25442201929073
852;202;247.38730111080622;215.3268118208
853;329;262.24720185778483;215.5386774890238
854;97;-60.0257254555557;212.13258114405642
855;212;-342.60662672247963;205.9499773296286
856;174;261.1992815888858;205.99343928076178
857;139;-187.76557339136937;201.54274986492328
858;273;234.92423092825754;201.25891001885296
859;92;-28.173813160997767;198.41322521599923
860;234;244.1893952295907;198.2911277723395
861;131;-23.404923530738145;195.17048476881328
862;244;225.51760154372968;195.03512664469483
863;187;259.7194392900036;197.17376685669126
864;258;276.98768958781056;197.40368174723324
865;212;284.8102088011267;197.7108746074082
866;92;12.158029123774455;195.40585264292787
867;216;-209.8757585839258;193.2952735344642
868;293;198.75905326223983;192.84855660407302
869;295;172.74675917042057;192.16610560515036
870;243;272.79018657916777;192.2177248616532
871;174;-187.02682538029273;187.77377887339793
872;204;-227.15734234783963;182.5691065934608
873;175;22.498823632350735;180.69907106483979
874;181;220.18074795399855;179.77201151109819
875;307;200.09640722768046;180.23755435988517
876;266;242.32382685692;180.07224439818853
877;225;307.79364423428336;180.21397990370588
878;253;250.4031626315545;179.8913387179274
879;145;-218.68952827419338;175.01746654519468
880;93;25.28413235701595;172.357224404794
881;186;269.28842911557285;173.6955052745352
882;487;228.98037003387546;173.39480293415127
883;277;312.1313988874592;174.56144416332253
884;203;172.92388481371276;173.556057891844
885;194;274.9034559081925;173.696727605622
886;265;308.6524494236047;174.114434585503
887;192;268.8174234295329;175.3378411753285
888;215;244.07214177699993;174.77705542942246
889;243;232.6913453261426;175.0996745681891
890;329;245.1127360429603;174.48189220875784
891;199;264.658091550253;174.75595081591223
892;176;287.9183296735805;175.29977990268551
893;97;18.742114843375504;172.99422871929318
894;152;279.6550521234864;173.88837962755807
895;375;242.99436946752806;173.5166236184063
896;261;282.4801769960641;173.4902472328351
897;202;225.23230161150855;173.1503059675686
898;296;247.8559889306128;172.8544748017147
899;177;251.42756361916642;173.29454384077764
900;224;281.12221328709813;174.3243000825521
901;206;292.5642639592867;174.3588688509119
902;247;262.7274346866258;174.8664800941489
903;238;279.94264524037555;174.9670760744012
904;271;233.16064810555397;174.80035472818662
905;206;254.08926345310383;174.83504639784974
906;186;278.14576711441987;175.16183844671662
907;208;277.9526870538826;179.36702733448274
908;224;256.4220548166662;180.07775634038094
909;316;293.8787492309346;180.61294838368022
910;197;280.0107836935083;181.23613949361973
911;232;244.11605202207267;183.22144852351448
912;190;296.34563897067085;183.5570727340929
913;276;236.1027552298975;183.09080038373813
914;123;-225.49627745029736;177.87100870728685
915;378;281.08839370480143;178.4878538428004
916;176;264.22525766117485;178.4614225285925
917;182;257.17983986474655;182.6073843118921
918;499;129.01281437327538;181.5541630430051
919;199;298.8845107612359;184.46787443319772
920;195;282.1184838643977;184.39137585680078
921;185;262.1477619394627;185.11430776126028
922;284;253.67269607744768;185.2576244956196
923;186;242.58489409412573;185.37989819154774
924;235;293.2565878736714;188.54991119081726
925;191;270.0353339936115;189.11675045680272
926;277;207.92959285934944;189.00661686946157
927;217;234.35206282629653;189.56705681300033
928;210;261.6009398873148;189.4769317616102
929;196;286.1633506122338;189.39370992680546
930;332;252.9083032825353;189.4174485796667
931;213;267.71720678716974;190.41168079969447
932;262;227.33220094640228;189.93288064253045
933;205;262.27554660264593;190.71967630413693
934;237;274.3768249432062;190.73125094132615
935;193;274.8464072033895;191.1936845292904
936;273;282.2657055806786;191.8224733756524
937;351;286.22625688434005;195.8600839275689
938;262;255.86785122021644;195.80445786141013
939;335;263.1119995536318;196.50380516297056
940;195;278.6566721456045;197.2153613134129
941;209;280.5312602444925;200.36165592371864
942;331;263.19070142904377;200.13789146133803
943;221;253.32688607785377;200.05030462059756
944;445;227.17336509592948;199.68887866257035
945;274;241.13146899930973;200.13937721431222
946;184;248.41483045833854;200.98889993830122
947;256;292.689304290769;201.51092802114255
948;247;259.192098429888;205.07135543882166
949;230;259.4184849705274;205.2011944679399
950;277;235.81213989238157;205.3893134131691
951;499;89.1958621509837;203.36827206689918
952;262;248.1543736133208;203.37594279192436
953;499;96.84508293230984;201.7219216026696
954;156;268.4938815707103;205.00711767293225
955;292;254.91341260334613;210.98231806619052
956;184;244.51819094476207;210.81550715974925
957;239;278.89377007085454;215.48210059437156
958;186;285.80393062562575;215.99089759134523
959;285;228.9287450619326;218.56192317357454
960;188;266.7682436891696;218.78771165817034
961;369;284.7032352811106;221.86879324628876
962;240;259.3836056749203;222.20745328760074
963;174;230.71378760975654;221.91739677079818
964;261;260.3862160354083;221.7513820352742
965;187;218.78331796404692;221.09111312690337
966;141;27.598110600842986;221.24551394167406
967;231;313.61681933677073;226.48043972088104
968;358;207.87532806604764;226.57160246891917
969;422;204.04549120698135;226.88458978928472
970;311;220.88752463640216;226.36556316985704
971;231;250.84114506864776;230.7442428743465
972;199;248.872857772254;235.5045448755474
973;305;311.39557601537643;238.39351239937764
974;257;235.71031035625086;238.5488080234002
975;499;116.44489443299095;237.71229289545332
976;467;239.60855769873558;237.6851402038715
977;228;235.98603296975452;236.9670640912262
978;499;50.30211987100448;234.96605366362067
979;280;247.3295536749811;239.62624448311246
980;158;262.4039126421882;241.99744228596418
981;197;277.034233461461;242.07490032942306
982;230;222.24612555185348;242.00755788460282
983;178;236.94855774217805;241.25572947315
984;324;198.24179003996497;241.50890852541252
985;258;228.4491712078852;241.0443656784094
986;377;232.84005552425415;240.2862417394159
987;408;199.8058619313593;239.5961261244342
988;198;229.74564367393634;239.4528611434036
989;210;277.5460756295221;239.9014084464374
990;212;265.7983773475363;240.10826485948309
991;269;231.48706462780106;239.7765545902586
992;180;252.7377136958966;239.4247484304817
993;281;276.26693881991196;241.99999667024713
994;224;232.89932599083062;241.53243940892054
995;349;276.83852231821527;241.87088093742747
996;294;247.83337635944713;241.52441293106122
997;161;246.36804402012623;241.73577035514748
998;499;194.97981505217115;241.20700861636303
999;207;271.67817539923595;241.4095147341637
