episode;steps;reward;average
0;79;-176.6424273688532;-176.6424273688532
1;65;-201.3844749333241;-189.01345115108865
2;95;-11.097181082077228;-129.7080277947515
3;106;-183.58616056088422;-143.17756098628467
4;90;-206.93348070209277;-155.92874492944628
5;69;-161.61509271700837;-156.87646956070662
6;107;-80.37853071040686;-145.9481925820924
7;95;-381.3562276880045;-175.3741969703314
8;89;-299.6443580138191;-189.18199264183005
9;59;-94.8861671086989;-179.7524100885169
10;90;-112.18201289714526;-173.60964670748314
11;69;-209.52650826513178;-176.60271850395387
12;142;-429.34535975937183;-196.04446013898604
13;79;-105.14306565267253;-189.55150338996367
14;114;-353.2007128922317;-200.46145069011487
15;107;-270.06694125875583;-204.8117938506549
16;101;-448.1871598178819;-219.12799184872708
17;121;-170.9129263488532;-216.4493770987341
18;114;-271.8332280596875;-219.36431662299478
19;79;-223.48080116069454;-219.57014084987978
20;126;-221.87459427572838;-219.67987672730115
21;93;-228.56752987151336;-220.08386096112898
22;112;-117.27145983792882;-215.6137565644681
23;83;-306.25481335825566;-219.39046726420926
24;85;-153.8838344914891;-216.77020195330044
25;65;-125.09910417951818;-213.24439050046266
26;122;-222.20324299600054;-213.57619985214927
27;134;-127.28840705528425;-210.49449296654694
28;100;-217.04471346883113;-210.7203626390395
29;115;-110.81322623733384;-207.39012475898264
30;101;-165.6466578716914;-206.04356131100553
31;139;-60.70547221858463;-201.50174602686732
32;81;-124.53670326211335;-199.16947200369296
33;86;-95.40579208443464;-196.11759906489124
34;93;-59.282769901984864;-192.20803251737962
35;99;-146.42493758691165;-190.93627988042215
36;120;-86.04315866775389;-188.10133065845815
37;109;-76.323172687852;-185.15980018554748
38;77;-79.16529920650197;-182.44199246813605
39;105;-180.68941061867523;-182.39817792189956
40;120;-6.3500833375150165;-178.10432195642676
41;89;-113.3631808378251;-176.56286621550765
42;129;-92.50504904665905;-174.60803325809258
43;107;-88.94314362525452;-172.66110394825535
44;81;-127.42438671098631;-171.65584356520492
45;100;-43.86670927678942;-168.87781890676112
46;102;-108.63155364236276;-167.5959834756037
47;142;-219.32303981306384;-168.67363048263414
48;145;-44.25664247269246;-166.1345082783496
49;113;-41.24654261244299;-163.63674896503147
50;70;-100.00628093417347;-162.38909272913233
51;144;-35.94036312545248;-159.9573863906
52;108;-83.40334778039738;-158.512970567766
53;145;-121.41303776307277;-157.8259347750865
54;128;-120.76064989833208;-157.15202050460002
55;78;-75.92137011083635;-155.70147317613996
56;73;-112.45930824829216;-154.94283870372158
57;138;-104.67197089577053;-154.07609960358448
58;119;-43.410851962847005;-152.20041744018212
59;134;-121.74517276273204;-151.6928300288913
60;103;-127.36510511451928;-151.2940148663606
61;107;-118.88816381183572;-150.77133984935216
62;230;-200.53457430843662;-151.5612324598138
63;102;-164.13879853676156;-151.75775692976615
64;133;-138.58979807077495;-151.5551729473201
65;97;-68.25090107637725;-150.29298700988159
66;151;-149.01736788627517;-150.27394791848448
67;113;-58.5748247338889;-148.92543140106395
68;154;-26.134115721846825;-147.14584711585792
69;139;-35.5726312939707;-145.5519440326881
70;116;-240.51531622740393;-146.8894563171207
71;126;-144.17852401866054;-146.85180447964208
72;83;-97.58000690533879;-146.17684834848725
73;115;-61.26631407528747;-145.0294086961467
74;132;-143.99524305731137;-145.01561982096223
75;96;-87.01596081457485;-144.25246641298347
76;185;-239.91308214016468;-145.49481207177803
77;194;-73.82675300182072;-144.57599080165036
78;88;-83.98445307884592;-143.80900931148827
79;151;-60.90398913765954;-142.77269655931545
80;183;-37.13366326276412;-141.46851096306173
81;124;-57.661557975063076;-140.446474951013
82;184;-45.341265851007506;-139.30062905824184
83;115;-94.39687171516503;-138.7660605184433
84;230;-18.33758290960121;-137.34925489951573
85;168;-56.822267377083605;-136.41289457948744
86;110;28.99764750464672;-134.51162398081925
87;95;-72.02676693136465;-133.8015687870754
88;108;-103.30253650638674;-133.4588830311126
89;76;-42.55112634287582;-132.44879684568775
90;96;-65.91196206362774;-131.7176228370937
91;156;-23.926654910708123;-130.54598188137214
92;117;-96.12119988971016;-130.17582293522523
93;167;-67.45553859077208;-129.50858586773106
94;114;-26.834483649392197;-128.42780584438012
95;105;-106.11437188953012;-128.19537424068375
96;499;77.5256562668542;-126.07453887462665
97;107;-73.89075072163446;-125.54205124041243
98;87;-42.33799372895005;-124.70160621504412
99;218;-115.24633871217391;-124.60705354001543
100;150;-241.9493717933171;-125.26012298426006
101;82;-74.08412584609553;-123.98711949338778
102;92;-54.21926205579439;-124.41834030312495
103;160;-41.638684812727206;-122.99886554564338
104;147;-113.82760559336464;-122.0678067945561
105;109;-84.53191339518767;-121.29697500133788
106;127;-23.990676677101717;-120.73309646100485
107;109;-46.045987249920756;-117.37999405662401
108;232;-35.90411074309898;-114.74259158391682
109;90;-44.08506704738714;-114.23458058330368
110;114;-152.48405376254314;-114.63760099195765
111;100;-56.029665525722024;-113.10263256456358
112;88;-31.558196043680724;-109.12476092740665
113;241;-10.1444514309742;-108.1747747851897
114;117;-76.98326138841693;-105.41260027015156
115;96;-59.815815700071795;-103.31008901456472
116;163;24.257685269816477;-98.58564056368773
117;499;26.7789559806538;-96.60872174039267
118;382;-213.41334684832083;-96.024522928279
119;185;-55.997958704344946;-94.34969450371551
120;84;-35.978924570798156;-92.49073780666619
121;105;-54.76062480343626;-90.75266875598544
122;139;-33.907823548282806;-89.91903239308894
123;192;-23.128339339210967;-87.08776765289853
124;121;-43.942159214924516;-85.98835090013286
125;233;-20.809109936194346;-84.94545095769963
126;229;6.520741764343967;-82.65821111009618
127;170;-59.686040864101024;-81.98218744818436
128;137;-105.62299894485915;-80.86797030294463
129;142;-48.55488571193544;-80.24538689769065
130;135;17.713454095177482;-78.41178577802197
131;235;-0.6959060689415963;-77.81169011652553
132;210;-112.84976400098415;-77.69482072391425
133;149;-75.51263064958424;-77.49588910956574
134;213;-10.886873579140229;-77.01193014633728
135;110;-39.778557683757796;-75.94546634730574
136;146;-4.828981592679753;-75.13332457655501
137;168;-26.769406346026344;-74.63778691313675
138;172;-32.85514490649645;-74.1746853701367
139;199;39.181796000003374;-71.9759733039499
140;111;-78.35364957646203;-72.69600896633936
141;182;-11.083958031640876;-71.67321673827752
142;124;-44.28478768248314;-71.19101412463577
143;127;-18.857106054428343;-70.49015374892751
144;169;-37.25721639422815;-69.58848204575992
145;499;-24.817454510472846;-69.39798949809676
146;499;79.47088664584192;-67.51696509521472
147;499;44.84621100876231;-64.87527258699645
148;216;8.230828999132598;-64.35039787227821
149;228;32.59342455550606;-63.61199820059871
150;499;64.30852559609595;-61.96885013529602
151;117;-55.46983855445619;-62.16414488958605
152;121;11.762872649423088;-61.21248268528785
153;304;30.310930886437603;-59.69524299879274
154;106;-16.523752139175812;-58.65287402120118
155;154;-92.39658449814006;-58.817626165074216
156;267;-215.365086681678;-59.84668394940808
157;434;-59.40657818818455;-59.39403002233222
158;222;-107.518771419917;-60.03510921690292
159;102;-46.31121695416476;-59.28076965881724
160;181;-162.82847931291715;-59.63540340080122
161;114;5.826732263018485;-58.38825444005269
162;499;49.85354195875078;-55.88437327738081
163;227;-2.216293035990603;-54.2651482223731
164;100;-24.00529375132085;-53.119303179178566
165;499;112.62921302118231;-51.310502038202976
166;499;31.810953609293236;-49.502218823247276
167;499;44.713109208751646;-48.46933948382087
168;499;78.79318906767672;-47.42006643592563
169;499;28.678445323104604;-46.777555669754875
170;277;-79.22226483946908;-45.16462515587553
171;499;98.18761692840962;-42.74096374640483
172;499;36.317322590587615;-41.40199045144556
173;499;100.74563889958186;-39.78187092169687
174;499;-14.40873537315516;-38.486005844855306
175;97;-60.07809177865698;-38.21662715449613
176;499;5.093049951408413;-35.7665658335804
177;499;117.73514673174498;-33.850946836244745
178;499;61.04195699352512;-32.40068273552103
179;138;-39.151536044818414;-32.18315820459263
180;105;-30.237753668717545;-32.11419910865216
181;499;70.83228017445084;-30.829260727157024
182;499;127.88293375333728;-29.097018731113575
183;499;16.121735711390297;-27.99183265684803
184;176;-5.666517166097947;-27.865121999412995
185;499;37.034725017717804;-26.926552075464976
186;344;-155.31203064898173;-28.76964885700126
187;250;-47.33972651731362;-28.52277845286075
188;499;4.265230695784133;-27.447100780839033
189;102;-17.056687899112433;-27.192156396401405
190;499;90.81163525667971;-25.62492042319833
191;497;-178.49843571960497;-27.1706382312873
192;499;81.8581943106513;-25.39084428928368
193;499;80.60608590539934;-23.910228044321972
194;499;80.29751873127347;-22.83890802051531
195;149;-80.50636052124764;-22.58282790683249
196;422;-116.17877722041297;-24.519872241705162
197;499;32.30313366881594;-23.45793339780066
198;499;56.66493643577304;-22.467904096153426
199;473;-58.02330638752146;-21.895673772906903
200;499;132.41311348155736;-18.15204892015816
201;271;-270.5153191933812;-20.116360853631015
202;499;109.90836136047226;-18.475084619468348
203;499;122.83021270168922;-16.830395644324184
204;499;71.61189423577972;-14.97600064603274
205;499;42.84649693163426;-13.702216542764523
206;499;116.35505322417472;-12.298759243751755
207;499;128.03483191330858;-10.557951052119463
208;499;121.90498684414138;-8.979860076247059
209;499;37.330301509748146;-8.165706390675707
210;499;99.25932725107525;-5.648272580539523
211;499;108.05233247823811;-4.007452600499921
212;499;132.33274523514564;-2.368543187711657
213;499;121.64026203718127;-1.0506960530301024
214;499;136.03050900036445;1.0794416508577116
215;499;123.82054582701862;2.9158052661286162
216;499;87.27509983641306;3.545979411794582
217;193;-37.702988137727814;2.901159970610765
218;350;-99.04698686332735;4.044823570460702
219;499;192.45981753196457;6.529401332823795
220;499;147.32189402754557;8.362409518807233
221;499;37.304077119350396;9.2830565380351
222;73;-27.08690683279349;9.351265705189991
223;499;116.82521848806553;10.750801283462756
224;499;128.20493399671437;12.472272215579146
225;499;96.5001717692841;13.645365032633931
226;204;-25.756309707559623;13.322594517914895
227;499;109.3849032723981;15.013303959279888
228;499;36.64415070270668;16.435975455755546
229;499;92.87045960480802;17.85022890892298
230;499;92.93974063681284;18.60249177433933
231;112;24.05753397911178;18.850026174819867
232;499;48.73885479836123;20.46591236281332
233;499;94.09027800647821;22.161941449373945
234;499;118.25344932031234;23.45334467836847
235;499;131.96732206737548;25.1708034758798
236;499;113.83136613717905;26.357406953178387
237;499;114.83278421229767;27.77342885876163
238;303;-4.514565802594134;28.056834649800653
239;499;76.29228179085631;28.427939507709183
240;499;59.088275012556366;29.802358753599368
241;499;150.84121385467324;31.42161047246251
242;499;5.5244049570280485;31.91970239885762
243;108;38.75492261731583;32.495822685575064
244;499;54.08149369634764;33.40920978648082
245;499;84.49484581848951;34.50233278977044
246;499;130.5047551108652;35.01267147442068
247;499;79.78880235543437;35.362097387887395
248;499;46.31454445485252;35.742934542444594
249;499;101.9805927801963;36.436806224691495
250;499;7.9942856371394;35.873663825101936
251;499;87.2402124382427;37.30076433502892
252;499;100.17858399045544;38.18492144843925
253;499;94.80018928057156;38.82981403238059
254;499;134.29611290205958;40.33801268279294
255;429;-269.2745477267363;38.56923305050697
256;499;84.6533005552378;41.56941692287612
257;499;97.26761390144877;43.13615884377246
258;338;-199.13073330800677;42.220039224891565
259;417;205.44748813008312;44.737626275734044
260;226;-67.47698546398374;45.69114121422338
261;351;-292.6369804164773;42.70650408742843
262;499;109.09404293749033;43.29890909721583
263;499;74.15444116394268;44.06261643921516
264;499;153.9232665933647;45.841902042662014
265;310;-30.4239276475123;44.411370635975075
266;499;163.52192246755922;45.72848032455772
267;499;153.7380822964606;46.81873005543482
268;499;115.16506545668022;47.18244881932485
269;499;154.84991318004901;48.44416349789429
270;499;140.09326628126453;50.63731880910163
271;138;-51.78265787170977;49.137616061100445
272;499;58.879551894363374;49.36323835413819
273;499;166.827214875549;50.02405411389786
274;499;64.70029253223944;50.81514439295181
275;499;92.96808886773802;52.345606199415755
276;499;97.73436154634626;53.27201931536512
277;499;110.87446912285394;53.20341253927622
278;499;73.95188993676985;53.33251186870867
279;141;-3.7837490252220505;53.68618973890463
280;499;159.42126491701325;55.582779924761944
281;499;71.93771067391194;55.593834229756546
282;499;131.34638529791619;55.628468745202355
283;499;121.78011958011535;56.6850525838896
284;499;115.2824796539721;57.89454255209031
285;441;227.64365812966213;59.800631883209746
286;499;92.05617806214688;62.27431397032102
287;110;6.301491715918189;62.81072615265333
288;499;174.727002239874;64.51534386809425
289;499;109.15989420210433;65.77750968910642
290;499;-46.35718055623195;64.40582153097729
291;499;111.60530737405584;67.3068589619139
292;499;142.77264917283435;67.91600351053575
293;255;35.92260968678258;67.46916874834956
294;499;-55.76611806698115;66.10853238036702
295;499;28.694955952293277;67.20054554510244
296;499;130.34914228847373;69.6658247401913
297;499;175.45503887853374;71.09734379228847
298;499;75.29790253243297;71.28367345325508
299;499;160.85510845519468;73.47245760168224
300;125;-43.120750962012096;71.71711895724654
301;499;100.54489182610939;75.42772106744145
302;234;-147.39035014663352;72.8547339523704
303;499;75.41628840255271;72.38059470937903
304;499;167.77810126492034;73.34225677967044
305;499;149.16834208568685;74.40547523121096
306;366;277.8999281282561;76.02092398025178
307;499;116.98536669927972;75.91042932811148
308;499;162.90559701040004;76.32043542977407
309;499;147.37761922847002;77.42090860696129
310;499;134.131440826539;77.76962974271594
311;499;172.20701368487892;78.41117655478233
312;499;76.39290658097596;77.85177816824063
313;451;203.4466820673096;78.66984236854192
314;499;51.65746691701638;77.82611194770845
315;499;156.08349645706878;78.14874145400894
316;499;-18.70106809979045;77.08897977464692
317;499;117.72165744310351;78.64322623045523
318;499;177.10052041668848;81.40470130325537
319;499;155.43003582256142;81.03440348616135
320;499;109.01747076913087;80.6513592535772
321;499;194.60127014241914;82.22433118380788
322;499;40.119431981272164;82.89639457194855
323;499;46.241766907781276;82.1905600561457
324;499;166.7919251023922;82.57642996720246
325;393;271.31888313569766;84.32461708086663
326;118;-102.72051420198136;83.5549750359224
327;499;51.52503842882193;82.97637638748661
328;499;116.32542156276794;83.77318909608725
329;499;77.025734854924;83.61474184858842
330;325;282.1221734014179;85.50656617623446
331;499;142.63299914999865;86.69232082794332
332;499;104.24681637343525;87.24740044369408
333;499;103.90378816542352;87.34553554528352
334;379;231.21871742577207;88.47518822633812
335;499;162.56884219862954;88.78120342765065
336;499;66.14998845623307;88.3043896508412
337;499;119.64507088421703;88.35251251756037
338;499;154.29336464509032;89.94059182203722
339;499;64.96030036178395;89.82727200774649
340;499;123.94613288202859;90.47585058644123
341;499;108.45448416501222;90.05198328954462
342;118;-5.369722218362966;89.9430420177907
343;355;279.740660018515;92.35289939180271
344;499;143.3933669297113;93.24601812413636
345;499;114.45791971831365;93.54564886313457
346;499;116.38977542545983;93.40449906628054
347;499;169.00857449785045;94.29669678770468
348;499;144.9568768413932;95.2831201115701
349;499;137.811635780239;95.64143054157051
350;499;150.81255770291745;97.0696132622283
351;499;169.680751728892;97.8940186551348
352;499;129.58932703356444;98.1881260855659
353;499;98.21903145589557;98.22231450731911
354;499;108.20395056223758;97.96139288392091
355;499;51.057933497085685;101.16471769615913
356;499;102.38300664115712;101.34201475701833
357;371;255.50584559391837;102.92439707394304
358;499;132.49661892591604;106.24067059628223
359;499;144.20441890184372;105.62823990399986
360;499;109.3003229195658;107.39601298783533
361;499;70.1760660620197;111.02414345262032
362;414;205.45018061195256;111.98770482936494
363;499;128.0924570750438;112.52708498847596
364;499;172.25610263578642;112.7104133489002
365;499;143.94640368782072;114.4541166622535
366;499;89.31275722653898;113.71202500984329
367;499;112.9728764148265;113.30437295102695
368;499;111.39605953829798;113.26668289184312
369;499;44.49766626301154;112.16316042267276
370;499;158.2726816478306;112.34495457633841
371;499;168.47835805683854;114.5475647356239
372;499;115.2292012588369;115.11106122926863
373;499;131.26298852590475;114.7554189657722
374;499;136.93684754133017;115.47778451586309
375;347;251.22983664890765;117.0604019936748
376;499;173.74207773222707;117.82047915553363
377;391;260.49634949668314;119.31669795927192
378;499;59.16443493143741;119.16882340921859
379;499;137.55871997405725;120.58224809921137
380;461;262.49435896577086;121.61297903969894
381;499;86.30449963660729;121.75664692932588
382;499;138.6649228062157;121.82983230440888
383;499;146.81524986664365;122.08018360727418
384;499;80.08168783394791;121.72817568907394
385;499;101.58025514636643;120.46754165924098
386;368;239.85314262644496;121.94551130488396
387;499;82.63654042690742;122.70886179199385
388;451;281.74801957332534;123.77907196532837
389;353;242.4234624156966;125.1117076474643
390;499;99.90639553987103;126.57434340842532
391;499;139.74630018489458;126.8557533365337
392;323;211.29649463411613;127.5409917911465
393;472;215.44434338757617;129.33620912815445
394;499;158.10096038112985;131.47487991263554
395;499;178.23804006405837;132.9703107537532
396;499;133.53912890677393;133.00221061993622
397;402;6.22870953566057;131.30994732650746
398;355;246.1596230514955;133.01856453169808
399;499;133.27208003978205;132.74273424754398
400;499;93.63550811734203;134.11029683833752
401;499;91.94144625675655;134.024262382644
402;499;114.79168412900442;136.64608272540036
403;499;74.4883309905223;136.63680315128005
404;499;165.13527083266902;136.61037484695754
405;296;258.111508234574;137.69980650844641
406;499;146.16295737525923;136.38243680091645
407;487;192.4521034188081;137.1371041681117
408;364;251.94819350889915;138.02753013309675
409;499;43.20270964223986;136.98578103723443
410;499;125.01864518828052;136.89465308085184
411;435;245.0108729253111;137.62269167325618
412;412;218.45789494477233;139.04334155689415
413;297;245.41107286969086;139.46298546491795
414;366;288.3814580352067;141.83022537609983
415;451;256.71051506800734;142.83649556220925
416;265;253.68204188074972;145.56032666201463
417;239;282.90652108652154;147.2121752984488
418;368;228.31831792744205;147.72435327355635
419;499;198.31141851985493;148.1531671005293
420;189;42.35385446427071;147.4865309374807
421;499;157.33798521279863;147.11389808818447
422;396;194.45183433850207;148.6572221117568
423;499;96.7013839954739;149.1618182826337
424;499;134.8638164380308;148.84253719599008
425;424;207.58727778977374;148.20522114253083
426;214;231.05223454713638;151.542948630022
427;312;-20.563461977137507;150.82206362596241
428;419;284.4694129062137;152.5035035393969
429;315;267.8434971112225;154.41168116195988
430;321;290.3621217067176;154.49408064501287
431;223;-174.04567070325157;151.32729394648038
432;499;155.99852998863014;151.8448110826323
433;418;240.71295201370688;153.21290272111517
434;499;96.15978344308606;151.8623133812883
435;385;253.6759992217197;152.7733849515192
436;332;266.0434775914352;154.7723198428712
437;312;236.1490793612427;155.9373599276415
438;496;191.80814185657795;156.31250769975634
439;247;263.1834622850529;158.29473931898903
440;283;275.8632226953908;159.81391021712264
441;383;270.8997986260799;161.43836336173337
442;499;128.61196544951065;162.77818023841206
443;415;215.56368998495623;162.1364105380765
444;320;248.72863106405876;163.18976317941994
445;499;157.4355827674176;163.619539809911
446;429;205.16942561850567;164.50733631184147
447;393;275.7625856734023;165.57487642359698
448;480;255.83035058349756;166.683611161018
449;480;263.38556122961853;167.93935041551183
450;479;231.73821589921806;168.7486069974748
451;499;85.29087626473148;167.9047082428332
452;499;169.378555046078;168.30260052295836
453;299;236.9823909606308;169.6902341180057
454;499;81.67062434938775;169.4249008558772
455;253;264.24578989188205;171.55677941982518
456;296;246.14424151328606;172.99439176854648
457;341;221.94037027698795;172.6587370153772
458;499;107.29307399161188;172.40670156603414
459;499;110.28495958627428;172.06750697287848
460;499;26.652579958107808;171.24102954326386
461;392;267.5550387600995;173.21481927024467
462;499;102.6319785656929;172.18663724978202
463;452;243.78854724742982;173.34359815150592
464;298;250.55615378513656;174.1265986629994
465;289;313.8449401443758;175.82558402756496
466;499;85.97915579597702;175.7922480132593
467;242;256.6597815537569;177.22911706464865
468;260;284.0514481695111;178.95567095096078
469;454;275.9342935130937;181.2700372234616
470;499;79.63844059008291;180.4836948128841
471;304;207.0053927784898;180.86896516010063
472;351;274.3438667521168;182.46011181503346
473;499;140.10288207903423;182.5485107505647
474;499;39.539648687092004;181.57453876202234
475;410;227.13767263404424;181.33361712187377
476;394;262.1787613828093;182.2179839583795
477;499;13.276217037646855;179.7457826337892
478;499;43.570061637405296;179.5898389008489
479;377;288.35325946372654;181.09778429574553
480;499;138.55123930299624;179.85835309911778
481;499;137.12705713163342;180.36657867406805
482;237;245.7053238079322;181.43698268408522
483;432;261.9218604059242;182.58804878947802
484;499;70.98509403427238;182.49708285148128
485;475;271.1428688918031;184.19270898893558
486;499;138.29455438809046;183.1771231065521
487;499;136.70851424355044;183.71784284471846
488;201;286.89127376679164;183.76927538665316
489;467;246.88920466745682;183.81393280917075
490;397;268.9183280566931;185.504052134339
491;499;48.80470335029037;184.594636165993
492;499;112.1668104573769;183.6033393242256
493;286;239.3996448090302;183.84289233844015
494;325;239.1471723449055;184.65335445807787
495;234;256.09460037725137;185.4319200612098
496;405;224.52192117694648;186.34174798391152
497;287;219.6385923287774;188.47584681184276
498;337;195.0308494417916;187.96455907574568
499;255;276.59049655023284;189.3977432408502
500;455;250.36019549274937;190.96499011460426
501;499;44.73470982411631;190.49292275027787
502;499;23.47106719296805;189.57971658091748
503;499;55.11610590587116;189.38599433007096
504;443;205.45323042946006;189.78917392603887
505;322;182.06515870456172;189.02871043073876
506;114;-48.676459294407366;187.08031626404204
507;412;241.34165548518916;187.56921178470589
508;395;227.22076860136235;187.3219375356305
509;499;142.49244890709898;188.31483492827908
510;424;274.1646988866652;189.806295465263
511;499;55.78694529405479;187.91405618895038
512;499;146.24048920424164;187.1918821315451
513;499;103.6366675809797;185.77413807865798
514;355;232.311895690404;185.21344245521
515;423;143.19222491939996;184.0782595537239
516;239;267.6584700504477;184.21802383542087
517;282;267.2067265263666;184.06102588981923
518;309;291.8445338629855;184.69628804917474
519;499;55.474377681370086;183.2679176407899
520;368;271.2609378497544;185.55698847464473
521;331;285.15385352682915;186.83514715778506
522;337;193.35879332884772;186.82421674768852
523;499;85.65883349601395;186.7137912426939
524;386;295.96756596302464;188.32482873794382
525;324;246.3245916754365;188.71220187680044
526;455;221.14353308465462;188.61311486217562
527;499;23.167828527290826;189.05042776721993
528;499;109.24666392055913;187.2982002773634
529;288;272.54924690618077;187.34525777531292
530;207;243.00914068865612;186.87172796513235
531;295;269.47379510573114;191.3069226232222
532;400;232.4006618464601;192.07094394180046
533;491;260.2967212005271;192.2667816336687
534;307;289.40684188837236;194.1992522181216
535;380;241.46468890760042;194.07713911498035
536;451;206.85650852841923;193.48526942435024
537;499;131.4889738218597;192.43866836895634
538;499;162.25086297887117;192.14309558017928
539;366;255.70139496004438;192.06827490692922
540;256;255.70178372740733;191.86666051724933
541;493;281.6101903385594;191.97376443437417
542;253;310.3021938258542;193.79066671813757
543;449;245.092675705205;194.08595657534005
544;332;269.5285584559724;194.2939558492592
545;335;214.93658264906952;194.8689658480757
546;364;259.12560072349925;195.40852759912568
547;499;130.1650393988585;193.9525521363802
548;339;265.7786938800834;194.0520355693461
549;249;278.53245649183407;194.20350452196826
550;499;115.03020080681492;193.03642437104423
551;314;187.7487382362957;194.06100299075985
552;306;257.1964415434448;194.93918185573355
553;334;208.25307848826435;194.65188873100985
554;307;235.97945437961982;196.19497703131222
555;286;298.00307847361825;196.5325499171296
556;283;255.4068441198941;196.62517594319564
557;473;254.86401212318933;196.95441236165766
558;272;261.16920126632317;198.49317363440477
559;321;254.82794181769967;199.93860345671902
560;212;36.14740855718196;200.0335517427098
561;263;263.44353274246265;199.99243668253337
562;499;138.84326091653858;200.35454950604185
563;285;247.29149776695854;200.38957901123712
564;285;262.66125278981247;200.51063000128386
565;176;285.770594616875;200.22988654600886
566;343;228.44630990929824;201.65455808714208
567;375;293.36661148323844;202.0216263864369
568;499;144.68687160924202;200.62798062083417
569;446;238.0315465635791;200.248953151339
570;309;269.2219411721388;202.1447881571596
571;411;254.20287466982555;202.616762976073
572;184;-6.659078772798992;199.80673352082383
573;332;264.78551518768734;201.05355985191034
574;499;109.89705668149207;201.75713393185436
575;424;242.0969484804851;201.90672669031875
576;395;259.88039288924404;201.88374300538314
577;499;101.09585146028826;202.76193934960952
578;386;213.1411333297777;204.45765006653323
579;409;221.1814011089223;203.7859314829852
580;263;226.8724247753338;204.6691433377086
581;412;267.5294589081076;205.9731673554733
582;365;231.38704104535375;205.82998452784753
583;343;260.44652581656464;205.81523118195392
584;479;265.3294609606064;207.75867485121725
585;233;271.79109154222465;207.76515707772148
586;278;235.56040522962175;208.73781558613683
587;307;260.8512013074398;209.9792424567757
588;340;250.3632332893963;209.61396205200177
589;484;288.0404765267007;210.02547477059423
590;443;213.86779058655907;209.47496939589283
591;499;193.09453194283347;210.91786768181828
592;254;280.357615782833;212.5997757350728
593;396;243.0126729366051;212.6359060163486
594;499;113.18154757328787;211.37624976863236
595;193;266.69650910850646;211.482268855945
596;499;118.37482398363622;210.42079788401185
597;391;263.3758329053103;210.85817028977718
598;337;262.6221811384553;211.53408360674385
599;288;255.87334585546887;211.32691209979617
600;313;250.49521444921996;211.32826228936085
601;220;262.86819663752294;213.50959715749502
602;301;283.64598599841327;216.11134634554944
603;199;272.0977007535154;218.28116229402585
604;411;286.0605017050862;219.0872350067821
605;288;260.8776839806794;219.8753602595433
606;182;290.61563022166894;223.26828115470406
607;420;221.4397343056987;223.06926194290918
608;293;262.3433928773435;223.42048818566897
609;202;242.69582984745372;224.42252199507254
610;282;-143.33611989571986;220.24751380724865
611;191;264.6504204572626;222.33614855888075
612;233;264.00293107212383;223.51377297755957
613;337;261.26595824957514;225.0900658842455
614;183;270.8813542946673;225.47576047028815
615;222;275.29771917218125;226.79681541281593
616;266;212.58418782668332;226.24607259057834
617;308;291.9425781818002;226.4934311071326
618;216;268.57945788751965;226.260780347378
619;217;275.96159606542955;228.46565253121858
620;356;285.3100499054203;228.60614365177528
621;208;278.55659954350756;228.54017111194204
622;202;239.7806795555136;229.0043899742087
623;264;226.26306078813246;230.41043224712988
624;362;291.01598972670706;230.3609164847667
625;250;277.8022203535487;230.67569277154783
626;435;274.086121744502;231.20511865814626
627;206;292.76713329574693;233.90111170583086
628;412;309.8790145971248;235.9074352125965
629;428;268.82385360726846;235.87018127960738
630;382;232.9348178924129;235.76943805164493
631;223;271.318879650116;235.78788889708878
632;304;267.454637095641;236.1384286495806
633;323;254.4763023828928;236.0802244614043
634;452;272.8166429217943;235.9143224717385
635;499;-232.9940866702731;231.16973471595972
636;383;237.33905728542626;231.4745602035298
637;499;133.2710122449525;231.49238058776072
638;445;260.1667925773339;232.47153988374535
639;182;227.665543310131;232.19118136724626
640;411;233.1917909900569;231.96608143987277
641;468;259.8782322377818;231.74876185886495
642;401;237.87097286258;231.02444964923225
643;246;288.285203145467;231.4563749236349
644;358;256.221678423011;231.32330612330526
645;176;-179.83506601871818;227.3755896366274
646;83;-193.94843029452832;222.8448493264471
647;499;84.8915694711424;222.39211462716995
648;499;106.54780308750345;220.79980571924415
649;430;179.02177806006165;219.80469893492642
650;326;268.6758355709384;221.34115528256763
651;385;263.89542101018986;222.10262211030658
652;229;266.8650691587867;222.19930838646
653;383;266.1059188788553;222.7778367903659
654;393;247.16509245114426;222.88969317108115
655;248;269.26112280473365;222.60227361439237
656;272;249.80258895088014;222.54623106270222
657;430;226.0121960508226;222.2577129019785
658;262;253.37147397973814;222.17973562911266
659;245;267.19043484777404;222.30336055941336
660;260;254.91921660564876;224.49107863989803
661;306;284.3590851491254;224.70023416396467
662;413;281.3692533069813;226.12549408786907
663;499;61.179251478414166;224.26437162498365
664;414;273.3662289007867;224.3714213860934
665;252;297.4173661354326;224.48788910127897
666;209;284.3000347284087;225.04642634947007
667;354;287.78640905911084;224.9906243252288
668;296;250.9448430849412;226.05320403998576
669;235;203.05399456987172;225.7034285200487
670;171;58.4304994845038;223.59551410317235
671;308;249.6075969495894;223.54956132597002
672;499;180.26441150818906;225.4187962287799
673;395;209.25357936795092;224.86347687058256
674;209;247.97545845298444;226.24426088829748
675;375;234.70390688549193;226.17033047234747
676;341;229.75890564044724;225.86911559985955
677;212;301.66408278485943;227.87479791310525
678;260;254.11168322472065;228.2845034120547
679;331;260.5469425448882;228.67815882641437
680;86;17.257487017842166;226.58200944883944
681;137;48.05343314806814;224.3872491912391
682;381;270.5315818331861;224.77869459911736
683;291;284.5898100702723;225.02012744165447
684;194;297.86763556695075;225.3455091877179
685;416;211.82458756513574;224.74584414794705
686;237;280.2753525507444;225.19299362115825
687;292;288.1550816606132;225.46603242468998
688;257;285.77137908132966;225.8201138826093
689;499;136.55506468251204;224.30525976416737
690;356;256.1749902333628;224.7283317606354
691;385;264.09450377609437;225.43833147896802
692;313;251.81487409702933;225.15290406211
693;317;202.74338237722267;224.7502111565162
694;233;286.375915947031;226.48215484025366
695;499;124.20521760315278;225.05724192520012
696;315;280.37382880960035;226.6772319734597
697;261;242.0989815631946;226.46446346003862
698;341;257.21840538464363;226.41042570250048
699;403;236.17069251356128;226.21339916908138
700;82;-57.166040841839475;223.13678661617078
701;71;-79.3453178395143;219.71465147140046
702;75;-67.58526288024368;216.20233898261387
703;499;-29.579910701967364;213.18556286805907
704;356;200.47221376203828;212.32967998862858
705;345;252.2594517067852;212.24349766588963
706;209;200.14994067962095;211.33884077046912
707;246;219.36370710504798;211.3180804984626
708;324;228.62602469826712;210.98090681667185
709;247;-84.98108054548857;207.70413771274244
710;154;87.47516973517185;210.01225060905136
711;425;251.06156794802828;209.87636208395904
712;330;246.39494479038333;209.7002822211416
713;412;252.31273680715523;209.61075000671735
714;323;274.53654048077226;209.64730186857844
715;335;230.8592422773669;209.20291709963024
716;300;266.12847240306905;209.73835994539414
717;264;270.26131635885156;209.52154732716463
718;205;-24.23275845376446;206.59342516375185
719;329;200.60126548498712;205.8398218579474
720;281;189.24513725470857;204.87917273144026
721;265;224.63309174269904;204.3399376534322
722;340;236.59075964255618;204.30803845430262
723;348;238.47473686990003;204.4301552151203
724;390;233.06692411840473;203.85066455903726
725;491;199.28710009841677;203.06551335648592
726;185;70.97661059385774;201.0344182449795
727;243;225.0387790055297;200.35713470207727
728;337;268.1851519784242;199.94019607589036
729;172;13.179972933429042;197.38375726915197
730;238;261.4366496715188;197.668775586943
731;315;240.26970727117333;197.3582838631536
732;403;264.3616553559772;197.32735404575698
733;287;268.9743912018899;197.47233493394694
734;220;284.50804453493504;197.5892489500783
735;159;-12.861342333160707;199.79057639344944
736;114;39.575273703277674;197.81293855762797
737;104;9.815340261712777;196.5783818377956
738;287;262.6927326706509;196.60364123872878
739;315;291.6007008304784;197.24299281393218
740;499;133.3397064687721;196.24447196871932
741;274;233.88549439156253;195.9845445902571
742;371;292.0126573573457;196.5259614352048
743;359;222.4976703448649;195.8680861071988
744;499;85.70033905145878;194.1628727134833
745;499;110.8555689558665;197.0697790632292
746;286;227.99634127157466;201.28922677889014
747;397;220.81449848239163;202.64845606900263
748;165;286.07860917409164;204.44376412986855
749;213;267.00333428408;205.32357969210872
750;262;-75.15185023881368;201.8853028340112
751;388;217.9194472649201;201.4255430965585
752;240;301.8911643350733;201.77580404832136
753;267;265.023573493002;201.76498059446286
754;374;230.22822422561916;201.5956119122076
755;326;182.12121051364923;200.72421278929676
756;364;224.10974027798602;200.46728430256783
757;352;271.30543063440155;200.9202166484036
758;345;250.87513694150942;200.8952532780213
759;96;-8.338377497480778;198.13996515456876
760;299;262.9129519080372;198.21990250759262
761;313;274.6824092030431;198.1231357481318
762;189;-126.24089668053023;194.04703424825675
763;240;210.2700355101863;195.53794208857445
764;267;231.73255126367678;195.12160531220334
765;396;192.58518720190267;194.07328352286805
766;270;267.7222484682369;193.90750566026634
767;234;281.8890127977761;193.8485316976529
768;397;231.43160908904977;193.65339935769398
769;256;291.81403638582196;194.54099977585352
770;190;311.588279720303;197.07257757821154
771;268;310.5717092489876;197.6822187012055
772;281;271.70562175775297;198.59663080370112
773;165;45.7899983483386;196.961994993505
774;250;213.88075644043118;196.6210479733795
775;331;273.58186545493265;197.0098275590739
776;88;-9.161754794369983;194.62062095472572
777;435;257.47738675957083;194.17875399447283
778;300;246.6843753701351;194.104480915927
779;430;216.34116046704088;193.6624230951485
780;250;301.61442689157957;196.50599249388586
781;322;247.15094016752468;198.49696756408045
782;391;239.48495864554448;198.18650133220402
783;412;244.63676265286935;197.78697085803003
784;301;219.12554048257425;196.99954990718626
785;285;283.32370017499863;197.71454103328492
786;258;249.67221493310677;197.4085096571085
787;499;157.65520955759683;196.10351093607835
788;180;258.6830836000877;195.83262798126594
789;282;265.60876081282765;197.12316494256913
790;227;259.85253460778415;197.1599403863133
791;155;261.56109426909063;197.13460629124324
792;212;251.9676787076536;197.13613433734952
793;258;275.5001466668819;197.8637019802461
794;298;274.7764827963962;197.74770764873975
795;234;244.13089191625255;198.94696439187072
796;287;261.4773482745967;198.75799958652067
797;382;259.9516496431455;198.93652626732015
798;366;229.87050111642577;198.66304722463804
799;306;223.30774589025987;198.534417758405
800;242;293.1384330092088;202.03746249691548
801;499;144.50868822368972;204.2760025575475
802;294;287.11671962116134;207.8230223825616
803;358;202.12615365410693;210.1400830261223
804;365;254.31467618205684;210.6785076503225
805;280;259.2158040994498;210.74807117424913
806;193;282.6299034882061;211.57287080233502
807;328;251.54072124762098;211.89464094376075
808;358;227.02175671832794;211.87859826396135
809;227;250.52925689476024;215.23370163836387
810;257;265.6104175181106;217.0150541161932
811;230;285.28810837306287;217.35731952044355
812;224;284.29365339548883;217.73630660649465
813;304;271.2946283676132;217.92612552209926
814;280;276.50438961963374;217.94580401348784
815;251;256.58615130761007;218.20307310379022
816;306;276.22274418216676;218.30401582158123
817;344;257.0267830222765;218.17167048821545
818;321;301.5285283335304;221.4292833560884
819;205;248.99675104080745;221.91323821164661
820;293;233.7350821965852;222.35813766106537
821;293;249.81137010769677;222.60992044471536
822;122;10.404285110402569;220.34805569939385
823;396;267.91770519879196;220.6424853826828
824;314;273.10328142742406;221.042848955773
825;350;258.16856207708474;221.63166357555966
826;252;312.00919512485746;224.0419894208697
827;246;273.1270206765058;224.52287183757943
828;215;298.952036896992;224.8305406867651
829;243;267.66675678424144;227.37540852527323
830;330;259.03094493496144;227.35135147790766
831;234;242.11455322008277;227.36979993739672
832;420;233.22946284907312;227.05847801232773
833;226;296.53214307487804;227.33405553105757
834;213;291.6486257704861;227.4054613434131
835;297;241.73868133263804;229.95146158007105
836;255;293.88065022723055;232.49451534531056
837;263;267.2753214304761;235.0691151569982
838;340;262.9580480907764;235.07176831119943
839;161;275.7106984039109;234.91286828693373
840;301;248.8913937766832;236.06838516001287
841;259;282.98378186132106;236.55936803471042
842;240;265.77407758937017;236.29698223703068
843;241;264.7319653375971;236.719325186958
844;221;247.15915161803474;238.33391331262376
845;392;244.1080428769357;239.6664380518345
846;210;258.9152231887703;239.97562687100645
847;499;136.76123703992246;239.13509425658177
848;235;245.82369991586623;238.7325451639995
849;319;218.66326117192233;238.24914443287796
850;499;127.8224327219091;240.27888726248514
851;210;296.5500803549907;241.06519359338589
852;294;231.29285865780315;240.35921053661318
853;499;131.73815547425207;239.0263563564257
854;303;199.422577554072;238.7182998897102
855;195;215.28765836116122;239.04996436818533
856;93;-29.046700394989813;236.51839996145557
857;70;-24.89251009018308;233.55642055420972
858;499;65.15823743228447;231.69925155911747
859;195;264.3964597224318;234.4265999313166
860;203;186.89830218101656;233.66645343404642
861;499;134.69375155064338;232.2665668575224
862;322;252.26020956450196;236.0515779199727
863;417;267.7633201739279;236.62651076661007
864;181;260.8375320575751;236.9175605745491
865;104;13.670288005385189;235.1284115825839
866;297;217.28815381377473;234.62407063603928
867;334;240.9135113456421;234.214315621518
868;281;300.1573581856596;234.90157311248407
869;327;287.12989217427776;234.85473167036866
870;343;248.8971547011596;234.22782042017724
871;231;262.2188024503794;233.74429135219117
872;246;277.3006313570869;233.8002414481845
873;481;275.50667393069205;236.09740820400805
874;284;-209.2816092355527;231.86578454724818
875;345;287.5182439654649;232.00514833235349
876;191;233.47015264488482;234.431467406746
877;330;229.5781433991294;234.15247497314158
878;325;256.6017702460533;234.25164892190077
879;364;307.5143995144881;235.16338131237526
880;248;246.19232356507914;234.60916027911026
881;268;266.1008505318351;234.79865938275339
882;191;236.55133075329488;234.7693231038309
883;216;253.49248885130527;234.85788036581525
884;281;256.83528490717435;235.23497781006125
885;499;127.05926643965785;233.67233347270783
886;221;284.5576308137045;234.02118763151378
887;357;293.82533188910065;235.38288885482885
888;162;247.09978395075612;235.2670558583355
889;339;209.2866617050891;234.7038348672581
890;303;242.90626577573184;234.5343721789376
891;227;267.03921085668935;234.58915334481355
892;239;246.68706699749455;234.53634722771204
893;279;275.0050827394728;234.5313965884379
894;218;254.53599254344294;234.3289916859084
895;307;245.90229348984968;234.34670570164434
896;499;107.95894115761224;232.81152163047452
897;87;63.756078038846056;230.84956591443148
898;499;102.40948808531046;229.57495578412036
899;499;119.3536984788387;228.53541531000613
900;324;254.47760271045075;228.14880700701855
901;499;145.17384020498147;228.15545852683147
902;189;275.37442001637146;228.03803553078356
903;333;212.99176265312568;228.14669162077374
904;472;249.86094712091244;228.10215433016234
905;332;271.3160257316625;228.22315654648446
906;248;251.4987212647949;227.91184472425036
907;244;292.806654883854;228.32450406061267
908;191;274.00831792974645;228.7943696727269
909;237;225.47205363020916;228.54379764008135
910;151;33.76948207367818;226.22538828563705
911;182;25.418904539813056;223.62669624730452
912;183;265.9457775044626;223.44321748839425
913;231;229.81103707355513;223.02838157545372
914;282;263.5643034431858;222.89898071368918
915;180;273.10571017612165;223.06417630237434
916;183;288.17131278748417;223.18366198842747
917;376;253.0963252122522;223.14435741032725
918;357;244.83591931308592;222.57743132012277
919;273;251.97275700220214;222.60719137973672
920;251;304.5018263179112;223.31485882095004
921;347;251.07881335175372;223.32753325339058
922;192;281.34647870217213;226.0369551893083
923;253;258.68268079570737;225.94460494527743
924;192;282.67855353543274;226.04035766635752
925;263;234.5369914938635;225.80404196052532
926;185;247.2218987558497;225.15616899683522
927;291;265.8897001531228;225.08379579160137
928;249;244.33663063190247;224.53764172895052
929;180;274.3434652423747;224.60440881353185
930;223;251.8408333497718;224.53250769768
931;369;192.17032084423207;224.03306537392143
932;249;307.7058881804164;224.77782962723487
933;346;255.94193548385218;224.37192755132457
934;210;269.90296538490225;224.15447094746875
935;369;257.9271876115957;224.31635601025835
936;257;287.2681823129443;224.25023133111554
937;352;225.06524771002944;223.82813059391106
938;248;280.1339999741921;223.9998901127452
939;215;291.8318998232171;224.16110212693823
940;220;263.39815207399147;224.3061697099113
941;326;259.81845766459435;224.07451646794402
942;171;272.623243326498;224.1430081253153
943;233;285.04391005493324;224.34612757248874
944;350;256.8467022362498;224.44300307867087
945;213;285.0148176541137;224.85207082644268
946;219;250.2632621638411;224.76555121619333
947;243;217.83381714897163;225.57627701728381
948;191;237.7317221917187;225.49535724004235
949;240;222.00936684216964;225.5288182967448
950;367;259.401280405119;226.84460677357688
951;262;251.28534238803297;226.39195939390737
952;499;100.79297093489278;225.08696051667826
953;246;243.43566130446555;226.2039355749804
954;314;278.22559604549224;226.99196575989458
955;239;251.43873503639387;227.35347652664694
956;288;250.4524338898258;230.1484678694951
957;338;282.0511296301097;233.217904266698
958;251;260.15461952734245;235.16786808764857
959;193;265.80234910098557;235.18192698143412
960;312;193.9006650467634;235.2519506100916
961;204;249.107555602214;236.3960886506073
962;222;274.49703480435676;236.61845690300584
963;190;244.75490201179917;236.38837272138454
964;223;261.43617764033854;236.39435917721218
965;205;233.66955689047174;238.59435186606305
966;240;290.0060634501501;239.32153096242678
967;350;244.42360567034788;239.35663190567385
968;227;271.2836343839357;239.06789466765665
969;318;281.728669423003;239.01388244014387
970;285;288.3538393272547;239.4084492864048
971;222;261.0442761295502;239.39670402319652
972;187;13.973596854999954;236.76343367817563
973;371;235.27126328091268;236.36107957167783
974;283;280.64098404608916;241.26030550449426
975;241;285.216983361791;241.23729289845753
976;226;260.56231877183995;241.5082145597271
977;499;171.6791993972451;240.92922511970824
978;261;232.08508969733876;240.68405831422112
979;358;292.34318272670396;240.53234614634326
980;288;250.98306447461562;240.58025355543862
981;349;291.471037967641;240.8339554297967
982;343;268.04688316019354;241.14891095386568
983;231;245.403691360064;241.06802297895322
984;308;250.22403794554657;241.001910509337
985;223;267.35918323865064;242.40490967732694
986;229;307.12224766948935;242.63055584588477
987;201;248.14759159564198;242.17377844295018
988;235;259.8019609299265;242.30080021274188
989;219;302.57402191577853;243.23367381484877
990;275;253.13543491939618;243.33596550628542
991;190;278.7647359761031;243.45322075747953
992;370;278.0182652467492;243.7665327399721
993;295;244.23722517816083;243.45885416435897
994;287;273.82142131027274;243.65170845202726
995;240;257.68803126041234;243.7695658297329
996;220;305.4593684117125;245.74457010227394
997;274;256.01716478776274;247.66718096976308
998;257;298.36873608699534;249.6267734497799
999;206;278.70134843201936;251.22024994931172
